06-Aug-2025 14:59:06.064 INFO [main] org.apache.catalina.startup.VersionLoggerListener.log Server version name:   Apache Tomcat/11.0.9
06-Aug-2025 14:59:06.075 INFO [main] org.apache.catalina.startup.VersionLoggerListener.log Server built:          Jul 1 2025 20:39:04 UTC
06-Aug-2025 14:59:06.076 INFO [main] org.apache.catalina.startup.VersionLoggerListener.log Server version number: 11.0.9.0
06-Aug-2025 14:59:06.076 INFO [main] org.apache.catalina.startup.VersionLoggerListener.log OS Name:               Windows 11
06-Aug-2025 14:59:06.076 INFO [main] org.apache.catalina.startup.VersionLoggerListener.log OS Version:            10.0
06-Aug-2025 14:59:06.078 INFO [main] org.apache.catalina.startup.VersionLoggerListener.log Architecture:          amd64
06-Aug-2025 14:59:06.078 INFO [main] org.apache.catalina.startup.VersionLoggerListener.log Java Home:             C:\Program Files\Eclipse Adoptium\jdk-21.0.7.6-hotspot
06-Aug-2025 14:59:06.079 INFO [main] org.apache.catalina.startup.VersionLoggerListener.log JVM Version:           21.0.7+6-LTS
06-Aug-2025 14:59:06.079 INFO [main] org.apache.catalina.startup.VersionLoggerListener.log JVM Vendor:            Eclipse Adoptium
06-Aug-2025 14:59:06.079 INFO [main] org.apache.catalina.startup.VersionLoggerListener.log CATALINA_BASE:         D:\CODYGYM\Module 3\coding\apache-tomcat-11.0.9
06-Aug-2025 14:59:06.080 INFO [main] org.apache.catalina.startup.VersionLoggerListener.log CATALINA_HOME:         D:\CODYGYM\Module 3\coding\apache-tomcat-11.0.9
06-Aug-2025 14:59:06.109 INFO [main] org.apache.catalina.startup.VersionLoggerListener.log Command line argument: -Djava.util.logging.config.file=D:/CODYGYM/Module 3/coding/apache-tomcat-11.0.9/conf/logging.properties
06-Aug-2025 14:59:06.109 INFO [main] org.apache.catalina.startup.VersionLoggerListener.log Command line argument: -Djava.util.logging.manager=org.apache.juli.ClassLoaderLogManager
06-Aug-2025 14:59:06.110 INFO [main] org.apache.catalina.startup.VersionLoggerListener.log Command line argument: -Djdk.tls.ephemeralDHKeySize=2048
06-Aug-2025 14:59:06.110 INFO [main] org.apache.catalina.startup.VersionLoggerListener.log Command line argument: -Dorg.apache.catalina.security.SecurityListener.UMASK=0027
06-Aug-2025 14:59:06.110 INFO [main] org.apache.catalina.startup.VersionLoggerListener.log Command line argument: --add-opens=java.base/java.lang=ALL-UNNAMED
06-Aug-2025 14:59:06.110 INFO [main] org.apache.catalina.startup.VersionLoggerListener.log Command line argument: --add-opens=java.base/java.lang.reflect=ALL-UNNAMED
06-Aug-2025 14:59:06.110 INFO [main] org.apache.catalina.startup.VersionLoggerListener.log Command line argument: --add-opens=java.base/java.io=ALL-UNNAMED
06-Aug-2025 14:59:06.111 INFO [main] org.apache.catalina.startup.VersionLoggerListener.log Command line argument: --add-opens=java.base/java.util=ALL-UNNAMED
06-Aug-2025 14:59:06.111 INFO [main] org.apache.catalina.startup.VersionLoggerListener.log Command line argument: --add-opens=java.base/java.util.concurrent=ALL-UNNAMED
06-Aug-2025 14:59:06.111 INFO [main] org.apache.catalina.startup.VersionLoggerListener.log Command line argument: --add-opens=java.rmi/sun.rmi.transport=ALL-UNNAMED
06-Aug-2025 14:59:06.111 INFO [main] org.apache.catalina.startup.VersionLoggerListener.log Command line argument: --enable-native-access=ALL-UNNAMED
06-Aug-2025 14:59:06.111 INFO [main] org.apache.catalina.startup.VersionLoggerListener.log Command line argument: -Dcatalina.base=D:/CODYGYM/Module 3/coding/apache-tomcat-11.0.9
06-Aug-2025 14:59:06.111 INFO [main] org.apache.catalina.startup.VersionLoggerListener.log Command line argument: -Dcatalina.home=D:/CODYGYM/Module 3/coding/apache-tomcat-11.0.9
06-Aug-2025 14:59:06.112 INFO [main] org.apache.catalina.startup.VersionLoggerListener.log Command line argument: -Djava.io.tmpdir=D:/CODYGYM/Module 3/coding/apache-tomcat-11.0.9/temp
06-Aug-2025 14:59:06.126 INFO [main] org.apache.catalina.core.AprLifecycleListener.lifecycleEvent The Apache Tomcat Native library which allows using OpenSSL was not found on the java.library.path: [C:\Program Files\Eclipse Adoptium\jdk-21.0.7.6-hotspot\bin;C:\WINDOWS\Sun\Java\bin;C:\WINDOWS\system32;C:\WINDOWS;C:\Users\LENOVO PC\bin;C:\Program Files\Git\mingw64\bin;C:\Program Files\Git\usr\local\bin;C:\Program Files\Git\usr\bin;C:\Program Files\Git\usr\bin;C:\Program Files\Git\mingw64\bin;C:\Program Files\Git\usr\bin;C:\Users\LENOVO PC\bin;C:\Program Files\Eclipse Adoptium\jdk-21.0.7.6-hotspot\bin;C:\WINDOWS\system32;C:\WINDOWS;C:\WINDOWS\System32\Wbem;C:\WINDOWS\System32\WindowsPowerShell\v1.0;C:\WINDOWS\System32\OpenSSH;C:\Program Files\Microsoft SQL Server\Client SDK\ODBC\170\Tools\Binn;C:\Program Files (x86)\Microsoft SQL Server\150\Tools\Binn;C:\Program Files\Microsoft SQL Server\150\Tools\Binn;C:\Program Files\Microsoft SQL Server\150\DTS\Binn;C:\Program Files (x86)\Microsoft SQL Server\150\DTS\Binn;C:\Program Files\Git\cmd;C:\Users\LENOVO PC\AppData\Local\Microsoft\WindowsApps;C:\Program Files\Azure Data Studio\bin;C:\Program Files\Git\usr\bin\vendor_perl;C:\Program Files\Git\usr\bin\core_perl;.]
06-Aug-2025 14:59:06.698 INFO [main] org.apache.coyote.AbstractProtocol.init Initializing ProtocolHandler ["http-nio-8080"]
06-Aug-2025 14:59:06.749 INFO [main] org.apache.catalina.startup.Catalina.load Server initialization in [1031] milliseconds
06-Aug-2025 14:59:06.832 INFO [main] org.apache.catalina.core.StandardService.startInternal Starting service [Catalina]
06-Aug-2025 14:59:06.832 INFO [main] org.apache.catalina.core.StandardEngine.startInternal Starting Servlet engine: [Apache Tomcat/11.0.9]
06-Aug-2025 14:59:06.851 INFO [main] org.apache.catalina.startup.HostConfig.deployDirectory Deploying web application directory [D:\CODYGYM\Module 3\coding\apache-tomcat-11.0.9\webapps\docs]
06-Aug-2025 14:59:07.512 INFO [main] org.apache.catalina.startup.HostConfig.deployDirectory Deployment of web application directory [D:\CODYGYM\Module 3\coding\apache-tomcat-11.0.9\webapps\docs] has finished in [659] ms
06-Aug-2025 14:59:07.512 INFO [main] org.apache.catalina.startup.HostConfig.deployDirectory Deploying web application directory [D:\CODYGYM\Module 3\coding\apache-tomcat-11.0.9\webapps\examples]
06-Aug-2025 14:59:08.635 INFO [main] org.apache.catalina.startup.HostConfig.deployDirectory Deployment of web application directory [D:\CODYGYM\Module 3\coding\apache-tomcat-11.0.9\webapps\examples] has finished in [1,122] ms
06-Aug-2025 14:59:08.635 INFO [main] org.apache.catalina.startup.HostConfig.deployDirectory Deploying web application directory [D:\CODYGYM\Module 3\coding\apache-tomcat-11.0.9\webapps\host-manager]
06-Aug-2025 14:59:08.736 INFO [main] org.apache.catalina.startup.HostConfig.deployDirectory Deployment of web application directory [D:\CODYGYM\Module 3\coding\apache-tomcat-11.0.9\webapps\host-manager] has finished in [101] ms
06-Aug-2025 14:59:08.737 INFO [main] org.apache.catalina.startup.HostConfig.deployDirectory Deploying web application directory [D:\CODYGYM\Module 3\coding\apache-tomcat-11.0.9\webapps\manager]
06-Aug-2025 14:59:08.808 INFO [main] org.apache.catalina.startup.HostConfig.deployDirectory Deployment of web application directory [D:\CODYGYM\Module 3\coding\apache-tomcat-11.0.9\webapps\manager] has finished in [70] ms
06-Aug-2025 14:59:08.808 INFO [main] org.apache.catalina.startup.HostConfig.deployDirectory Deploying web application directory [D:\CODYGYM\Module 3\coding\apache-tomcat-11.0.9\webapps\ROOT]
06-Aug-2025 14:59:08.856 INFO [main] org.apache.catalina.startup.HostConfig.deployDirectory Deployment of web application directory [D:\CODYGYM\Module 3\coding\apache-tomcat-11.0.9\webapps\ROOT] has finished in [48] ms
06-Aug-2025 14:59:08.863 INFO [main] org.apache.coyote.AbstractProtocol.start Starting ProtocolHandler ["http-nio-8080"]
06-Aug-2025 14:59:08.907 INFO [main] org.apache.catalina.startup.Catalina.start Server startup in [2155] milliseconds
06-Aug-2025 14:59:36.731 INFO [main] org.apache.catalina.core.StandardServer.await A valid shutdown command was received via the shutdown port. Stopping the Server instance.
06-Aug-2025 14:59:36.732 INFO [main] org.apache.coyote.AbstractProtocol.pause Pausing ProtocolHandler ["http-nio-8080"]
06-Aug-2025 14:59:36.740 INFO [main] org.apache.catalina.core.StandardService.stopInternal Stopping service [Catalina]
06-Aug-2025 14:59:36.770 INFO [main] org.apache.coyote.AbstractProtocol.stop Stopping ProtocolHandler ["http-nio-8080"]
06-Aug-2025 14:59:36.786 INFO [main] org.apache.coyote.AbstractProtocol.destroy Destroying ProtocolHandler ["http-nio-8080"]
