#
# There is insufficient memory for the Java Runtime Environment to continue.
# Native memory allocation (malloc) failed to allocate 1048576 bytes. Error detail: AllocateHeap
# Possible reasons:
#   The system is out of physical RAM or swap space
#   This process is running with CompressedOops enabled, and the Java Heap may be blocking the growth of the native heap
# Possible solutions:
#   Reduce memory load on the system
#   Increase physical memory or swap space
#   Check if swap backing store is full
#   Decrease Java heap size (-Xmx/-Xms)
#   Decrease number of Java threads
#   Decrease Java thread stack sizes (-Xss)
#   Set larger code cache with -XX:ReservedCodeCacheSize=
#   JVM is running with Unscaled Compressed Oops mode in which the Java heap is
#     placed in the first 4GB address space. The Java Heap base address is the
#     maximum limit for the native heap growth. Please use -XX:HeapBaseMinAddress
#     to set the Java Heap base and to place the Java Heap above 4GB virtual address.
# This output file may be truncated or incomplete.
#
#  Out of Memory Error (allocation.cpp:44), pid=4988, tid=10320
#
# JRE version:  (21.0.7+6) (build )
# Java VM: OpenJDK 64-Bit Server VM (21.0.7+6-LTS, mixed mode, sharing, tiered, compressed oops, compressed class ptrs, g1 gc, windows-amd64)
# No core dump will be written. Minidumps are not enabled by default on client versions of Windows
#

---------------  S U M M A R Y ------------

Command Line: -Djava.util.logging.config.file=C:\Users\LENOVO PC\AppData\Local\JetBrains\IntelliJIdea2024.3\tomcat\cb051646-a079-49f4-9f7c-d9476293d195\conf\logging.properties -Djava.util.logging.manager=org.apache.juli.ClassLoaderLogManager -Djdk.tls.ephemeralDHKeySize=2048 --add-opens=java.base/java.lang=ALL-UNNAMED --add-opens=java.base/java.lang.reflect=ALL-UNNAMED --add-opens=java.base/java.io=ALL-UNNAMED --add-opens=java.base/java.util=ALL-UNNAMED --add-opens=java.base/java.util.concurrent=ALL-UNNAMED --add-opens=java.rmi/sun.rmi.transport=ALL-UNNAMED --enable-native-access=ALL-UNNAMED -Dcatalina.base=C:\Users\LENOVO PC\AppData\Local\JetBrains\IntelliJIdea2024.3\tomcat\cb051646-a079-49f4-9f7c-d9476293d195 -Dcatalina.home=D:\CODYGYM\Module 3\coding\apache-tomcat-11.0.9 -Djava.io.tmpdir=D:\CODYGYM\Module 3\coding\apache-tomcat-11.0.9\temp org.apache.catalina.startup.Bootstrap stop

Host: AMD Ryzen 5 3500U with Radeon Vega Mobile Gfx  , 8 cores, 5G,  Windows 11 , 64 bit Build 26100 (10.0.26100.4484)
Time: Wed Aug  6 21:03:43 2025 SE Asia Standard Time elapsed time: 2.052215 seconds (0d 0h 0m 2s)

---------------  T H R E A D  ---------------

Current thread (0x000002607116f5a0):  JavaThread "Unknown thread" [_thread_in_vm, id=10320, stack(0x000000bd9e400000,0x000000bd9e500000) (1024K)]

Stack: [0x000000bd9e400000,0x000000bd9e500000]
Native frames: (J=compiled Java code, j=interpreted, Vv=VM code, C=native code)
V  [jvm.dll+0x6ce119]
V  [jvm.dll+0x8a84a1]
V  [jvm.dll+0x8aa9ce]
V  [jvm.dll+0x8ab0b3]
V  [jvm.dll+0x27f8a6]
V  [jvm.dll+0xbfba7]
V  [jvm.dll+0x3327a5]
V  [jvm.dll+0x32ab91]
V  [jvm.dll+0x871719]
V  [jvm.dll+0x3bc501]
V  [jvm.dll+0x85a743]
V  [jvm.dll+0x45080e]
V  [jvm.dll+0x452451]
C  [jli.dll+0x5278]
C  [ucrtbase.dll+0x37b0]
C  [KERNEL32.DLL+0x2e8d7]
C  [ntdll.dll+0x3c34c]


---------------  P R O C E S S  ---------------

Threads class SMR info:
_java_thread_list=0x00007ffc85d8a0c8, length=0, elements={
}

Java Threads: ( => current thread )
Total: 0

Other Threads:
  0x00000260711b4b40 WorkerThread "GC Thread#0"                     [id=12860, stack(0x000000bd9e500000,0x000000bd9e600000) (1024K)]

[error occurred during error reporting (printing all threads), id 0xc0000005, EXCEPTION_ACCESS_VIOLATION (0xc0000005) at pc=0x00007ffc85487340]
VM state: not at safepoint (not fully initialized)

VM Mutex/Monitor currently owned by a thread:  ([mutex/lock_event])
[0x00007ffc85dfe408] Heap_lock - owner thread: 0x000002607116f5a0

Heap address: 0x00000000a1e00000, size: 1506 MB, Compressed Oops mode: 32-bit

CDS archive(s) mapped at: [0x0000000000000000-0x0000000000000000-0x0000000000000000), size 0, SharedBaseAddress: 0x0000000800000000, ArchiveRelocationMode: 1.
Narrow klass base: 0x0000000000000000, Narrow klass shift: 0, Narrow klass range: 0x0

GC Precious Log:
 CardTable entry size: 512
 Card Set container configuration: InlinePtr #cards 5 size 8 Array Of Cards #cards 12 size 40 Howl #buckets 4 coarsen threshold 1843 Howl Bitmap #cards 512 size 80 coarsen threshold 460 Card regions per heap region 1 cards per card region 2048

Heap:
 garbage-first heap   total 0K, used 0K [0x00000000a1e00000, 0x0000000100000000)
  region size 1024K, 0 young (0K), 0 survivors (0K)

[error occurred during error reporting (printing heap information), id 0xc0000005, EXCEPTION_ACCESS_VIOLATION (0xc0000005) at pc=0x00007ffc85877949]
GC Heap History (0 events):
No events

Dll operation events (1 events):
Event: 0.016 Loaded shared library C:\Program Files\Eclipse Adoptium\jdk-21.0.7.6-hotspot\bin\java.dll

Deoptimization events (0 events):
No events

Classes loaded (0 events):
No events

Classes unloaded (0 events):
No events

Classes redefined (0 events):
No events

Internal exceptions (0 events):
No events

ZGC Phase Switch (0 events):
No events

VM Operations (0 events):
No events

Memory protections (0 events):
No events

Nmethod flushes (0 events):
No events

Events (0 events):
No events


Dynamic libraries:
0x00007ff7c0040000 - 0x00007ff7c004e000 	C:\Program Files\Eclipse Adoptium\jdk-21.0.7.6-hotspot\bin\java.exe
0x00007ffd07a20000 - 0x00007ffd07c88000 	C:\WINDOWS\SYSTEM32\ntdll.dll
0x00007ffd06740000 - 0x00007ffd06809000 	C:\WINDOWS\System32\KERNEL32.DLL
0x00007ffd04da0000 - 0x00007ffd0518d000 	C:\WINDOWS\System32\KERNELBASE.dll
0x00007ffd051c0000 - 0x00007ffd0530b000 	C:\WINDOWS\System32\ucrtbase.dll
0x00007ffcf7080000 - 0x00007ffcf7098000 	C:\Program Files\Eclipse Adoptium\jdk-21.0.7.6-hotspot\bin\jli.dll
0x00007ffcf7060000 - 0x00007ffcf707e000 	C:\Program Files\Eclipse Adoptium\jdk-21.0.7.6-hotspot\bin\VCRUNTIME140.dll
0x00007ffd06220000 - 0x00007ffd063ec000 	C:\WINDOWS\System32\USER32.dll
0x00007ffcec840000 - 0x00007ffcecada000 	C:\WINDOWS\WinSxS\amd64_microsoft.windows.common-controls_6595b64144ccf1df_6.0.26100.4484_none_3e0e6d4ce32ef3b3\COMCTL32.dll
0x00007ffd05190000 - 0x00007ffd051b7000 	C:\WINDOWS\System32\win32u.dll
0x00007ffd05bb0000 - 0x00007ffd05c59000 	C:\WINDOWS\System32\msvcrt.dll
0x00007ffd06170000 - 0x00007ffd0619b000 	C:\WINDOWS\System32\GDI32.dll
0x00007ffd05440000 - 0x00007ffd05577000 	C:\WINDOWS\System32\gdi32full.dll
0x00007ffd04cf0000 - 0x00007ffd04d93000 	C:\WINDOWS\System32\msvcp_win.dll
0x00007ffd06700000 - 0x00007ffd0672f000 	C:\WINDOWS\System32\IMM32.DLL
0x00007ffcfd5e0000 - 0x00007ffcfd5ec000 	C:\Program Files\Eclipse Adoptium\jdk-21.0.7.6-hotspot\bin\vcruntime140_1.dll
0x00007ffcf6fd0000 - 0x00007ffcf705d000 	C:\Program Files\Eclipse Adoptium\jdk-21.0.7.6-hotspot\bin\msvcp140.dll
0x00007ffc85150000 - 0x00007ffc85ee0000 	C:\Program Files\Eclipse Adoptium\jdk-21.0.7.6-hotspot\bin\server\jvm.dll
0x00007ffd069c0000 - 0x00007ffd06a74000 	C:\WINDOWS\System32\ADVAPI32.dll
0x00007ffd065c0000 - 0x00007ffd06666000 	C:\WINDOWS\System32\sechost.dll
0x00007ffd07870000 - 0x00007ffd07988000 	C:\WINDOWS\System32\RPCRT4.dll
0x00007ffd05c60000 - 0x00007ffd05cd4000 	C:\WINDOWS\System32\WS2_32.dll
0x00007ffd049c0000 - 0x00007ffd04a1e000 	C:\WINDOWS\SYSTEM32\POWRPROF.dll
0x00007ffcfd6e0000 - 0x00007ffcfd6eb000 	C:\WINDOWS\SYSTEM32\VERSION.dll
0x00007ffcfd6a0000 - 0x00007ffcfd6d5000 	C:\WINDOWS\SYSTEM32\WINMM.dll
0x00007ffd049a0000 - 0x00007ffd049b4000 	C:\WINDOWS\SYSTEM32\UMPDC.dll
0x00007ffd03910000 - 0x00007ffd0392b000 	C:\WINDOWS\SYSTEM32\kernel.appcore.dll
0x00007ffcfa210000 - 0x00007ffcfa21a000 	C:\Program Files\Eclipse Adoptium\jdk-21.0.7.6-hotspot\bin\jimage.dll
0x00007ffd02530000 - 0x00007ffd02771000 	C:\WINDOWS\SYSTEM32\DBGHELP.DLL
0x00007ffd073e0000 - 0x00007ffd07766000 	C:\WINDOWS\System32\combase.dll
0x00007ffd06810000 - 0x00007ffd068f0000 	C:\WINDOWS\System32\OLEAUT32.dll
0x00007ffceab00000 - 0x00007ffceab43000 	C:\WINDOWS\SYSTEM32\dbgcore.DLL
0x00007ffd053a0000 - 0x00007ffd05439000 	C:\WINDOWS\System32\bcryptPrimitives.dll
0x00007ffcf6f70000 - 0x00007ffcf6f8f000 	C:\Program Files\Eclipse Adoptium\jdk-21.0.7.6-hotspot\bin\java.dll

dbghelp: loaded successfully - version: 4.0.5 - missing functions: none
symbol engine: initialized successfully - sym options: 0x614 - pdb path: .;C:\Program Files\Eclipse Adoptium\jdk-21.0.7.6-hotspot\bin;C:\WINDOWS\SYSTEM32;C:\WINDOWS\WinSxS\amd64_microsoft.windows.common-controls_6595b64144ccf1df_6.0.26100.4484_none_3e0e6d4ce32ef3b3;C:\Program Files\Eclipse Adoptium\jdk-21.0.7.6-hotspot\bin\server

VM Arguments:
jvm_args: -Djava.util.logging.config.file=C:\Users\LENOVO PC\AppData\Local\JetBrains\IntelliJIdea2024.3\tomcat\cb051646-a079-49f4-9f7c-d9476293d195\conf\logging.properties -Djava.util.logging.manager=org.apache.juli.ClassLoaderLogManager -Djdk.tls.ephemeralDHKeySize=2048 --add-opens=java.base/java.lang=ALL-UNNAMED --add-opens=java.base/java.lang.reflect=ALL-UNNAMED --add-opens=java.base/java.io=ALL-UNNAMED --add-opens=java.base/java.util=ALL-UNNAMED --add-opens=java.base/java.util.concurrent=ALL-UNNAMED --add-opens=java.rmi/sun.rmi.transport=ALL-UNNAMED --enable-native-access=ALL-UNNAMED -Dcatalina.base=C:\Users\LENOVO PC\AppData\Local\JetBrains\IntelliJIdea2024.3\tomcat\cb051646-a079-49f4-9f7c-d9476293d195 -Dcatalina.home=D:\CODYGYM\Module 3\coding\apache-tomcat-11.0.9 -Djava.io.tmpdir=D:\CODYGYM\Module 3\coding\apache-tomcat-11.0.9\temp 
java_command: org.apache.catalina.startup.Bootstrap stop
java_class_path (initial): D:\CODYGYM\Module 3\coding\apache-tomcat-11.0.9\bin\bootstrap.jar;D:\CODYGYM\Module 3\coding\apache-tomcat-11.0.9\bin\tomcat-juli.jar
Launcher Type: SUN_STANDARD

[Global flags]
     intx CICompilerCount                          = 4                                         {product} {ergonomic}
     uint ConcGCThreads                            = 2                                         {product} {ergonomic}
     uint G1ConcRefinementThreads                  = 8                                         {product} {ergonomic}
   size_t G1HeapRegionSize                         = 1048576                                   {product} {ergonomic}
    uintx GCDrainStackTargetSize                   = 64                                        {product} {ergonomic}
   size_t InitialHeapSize                          = 100663296                                 {product} {ergonomic}
   size_t MarkStackSize                            = 4194304                                   {product} {ergonomic}
   size_t MaxHeapSize                              = 1579155456                                {product} {ergonomic}
   size_t MinHeapDeltaBytes                        = 1048576                                   {product} {ergonomic}
   size_t MinHeapSize                              = 8388608                                   {product} {ergonomic}
    uintx NonNMethodCodeHeapSize                   = 5839372                                {pd product} {ergonomic}
    uintx NonProfiledCodeHeapSize                  = 122909434                              {pd product} {ergonomic}
    uintx ProfiledCodeHeapSize                     = 122909434                              {pd product} {ergonomic}
    uintx ReservedCodeCacheSize                    = 251658240                              {pd product} {ergonomic}
     bool SegmentedCodeCache                       = true                                      {product} {ergonomic}
   size_t SoftMaxHeapSize                          = 1579155456                             {manageable} {ergonomic}
     bool UseCompressedOops                        = true                           {product lp64_product} {ergonomic}
     bool UseG1GC                                  = true                                      {product} {ergonomic}
     bool UseLargePagesIndividualAllocation        = false                                  {pd product} {ergonomic}

Logging:
Log output configuration:
 #0: stdout all=warning uptime,level,tags foldmultilines=false
 #1: stderr all=off uptime,level,tags foldmultilines=false

Environment Variables:
JAVA_HOME=C:\Program Files\Eclipse Adoptium\jdk-21.0.7.6-hotspot
CLASSPATH=D:\CODYGYM\Module 3\coding\apache-tomcat-11.0.9\bin\bootstrap.jar;D:\CODYGYM\Module 3\coding\apache-tomcat-11.0.9\bin\tomcat-juli.jar
PATH=C:\Program Files\Eclipse Adoptium\jdk-21.0.7.6-hotspot\bin;C:\WINDOWS\system32;C:\WINDOWS;C:\WINDOWS\System32\Wbem;C:\WINDOWS\System32\WindowsPowerShell\v1.0\;C:\WINDOWS\System32\OpenSSH\;C:\Program Files\Microsoft SQL Server\Client SDK\ODBC\170\Tools\Binn\;C:\Program Files (x86)\Microsoft SQL Server\150\Tools\Binn\;C:\Program Files\Microsoft SQL Server\150\Tools\Binn\;C:\Program Files\Microsoft SQL Server\150\DTS\Binn\;C:\Program Files (x86)\Microsoft SQL Server\150\DTS\Binn\;C:\Program Files\Git\cmd;C:\Users\LENOVO PC\AppData\Local\Microsoft\WindowsApps;C:\Program Files\Azure Data Studio\bin;
USERNAME=LENOVO PC
OS=Windows_NT
PROCESSOR_IDENTIFIER=AMD64 Family 23 Model 24 Stepping 1, AuthenticAMD
TMP=C:\Users\LENOVO~1\AppData\Local\Temp
TEMP=C:\Users\LENOVO~1\AppData\Local\Temp




Periodic native trim disabled

---------------  S Y S T E M  ---------------

OS:
 Windows 11 , 64 bit Build 26100 (10.0.26100.4484)
OS uptime: 1 days 6:44 hours

CPU: total 8 (initial active 8) (8 cores per cpu, 2 threads per core) family 23 model 24 stepping 1 microcode 0x8108109, cx8, cmov, fxsr, ht, mmx, 3dnowpref, sse, sse2, sse3, ssse3, sse4a, sse4.1, sse4.2, popcnt, lzcnt, tsc, tscinvbit, avx, avx2, aes, clmul, bmi1, bmi2, adx, sha, fma, vzeroupper, clflush, clflushopt, rdtscp, f16c
Processor Information for the first 8 processors :
  Max Mhz: 2100, Current Mhz: 2100, Mhz Limit: 2100

Memory: 4k page, system-wide physical 6020M (498M free)
TotalPageFile size 14212M (AvailPageFile size 8M)
current process WorkingSet (physical memory assigned to process): 12M, peak: 12M
current process commit charge ("private bytes"): 54M, peak: 55M

vm_info: OpenJDK 64-Bit Server VM (21.0.7+6-LTS) for windows-amd64 JRE (21.0.7+6-LTS), built on 2025-04-15T00:00:00Z by "admin" with MS VC++ 17.7 (VS2022)

END.
