#
# There is insufficient memory for the Java Runtime Environment to continue.
# Native memory allocation (malloc) failed to allocate 1902896 bytes. Error detail: Chunk::new
# Possible reasons:
#   The system is out of physical RAM or swap space
#   This process is running with CompressedOops enabled, and the Java Heap may be blocking the growth of the native heap
# Possible solutions:
#   Reduce memory load on the system
#   Increase physical memory or swap space
#   Check if swap backing store is full
#   Decrease Java heap size (-Xmx/-Xms)
#   Decrease number of Java threads
#   Decrease Java thread stack sizes (-Xss)
#   Set larger code cache with -XX:ReservedCodeCacheSize=
#   JVM is running with Unscaled Compressed Oops mode in which the Java heap is
#     placed in the first 4GB address space. The Java Heap base address is the
#     maximum limit for the native heap growth. Please use -XX:HeapBaseMinAddress
#     to set the Java Heap base and to place the Java Heap above 4GB virtual address.
# This output file may be truncated or incomplete.
#
#  Out of Memory Error (arena.cpp:168), pid=13580, tid=1832
#
# JRE version: OpenJDK Runtime Environment Temurin-21.0.7+6 (21.0.7+6) (build 21.0.7+6-LTS)
# Java VM: OpenJDK 64-Bit Server VM Temurin-21.0.7+6 (21.0.7+6-LTS, mixed mode, sharing, tiered, compressed oops, compressed class ptrs, g1 gc, windows-amd64)
# No core dump will be written. Minidumps are not enabled by default on client versions of Windows
#

---------------  S U M M A R Y ------------

Command Line: --add-opens=java.base/java.util=ALL-UNNAMED --add-opens=java.base/java.lang=ALL-UNNAMED --add-opens=java.base/java.lang.invoke=ALL-UNNAMED --add-opens=java.prefs/java.util.prefs=ALL-UNNAMED --add-opens=java.base/java.nio.charset=ALL-UNNAMED --add-opens=java.base/java.net=ALL-UNNAMED --add-opens=java.base/java.util.concurrent.atomic=ALL-UNNAMED -XX:MaxMetaspaceSize=384m -XX:+HeapDumpOnOutOfMemoryError -Xms256m -Xmx512m -Dfile.encoding=UTF-8 -Duser.country=US -Duser.language=en -Duser.variant -javaagent:C:\Users\LENOVO PC\.gradle\wrapper\dists\gradle-8.8-bin\dl7vupf4psengwqhwktix4v1\gradle-8.8\lib\agents\gradle-instrumentation-agent-8.8.jar org.gradle.launcher.daemon.bootstrap.GradleDaemon 8.8

Host: AMD Ryzen 5 3500U with Radeon Vega Mobile Gfx  , 8 cores, 5G,  Windows 11 , 64 bit Build 26100 (10.0.26100.4768)
Time: Wed Aug 27 20:42:41 2025 SE Asia Standard Time elapsed time: 10.087163 seconds (0d 0h 0m 10s)

---------------  T H R E A D  ---------------

Current thread (0x0000022e7c6baa10):  JavaThread "C2 CompilerThread0" daemon [_thread_in_native, id=1832, stack(0x000000361b300000,0x000000361b400000) (1024K)]


Current CompileTask:
C2:10087 2583   !   4       java.lang.ClassLoader::loadClass (121 bytes)

Stack: [0x000000361b300000,0x000000361b400000]
Native frames: (J=compiled Java code, j=interpreted, Vv=VM code, C=native code)
V  [jvm.dll+0x6ce119]
V  [jvm.dll+0x8a84a1]
V  [jvm.dll+0x8aa9ce]
V  [jvm.dll+0x8ab0b3]
V  [jvm.dll+0x27f8a6]
V  [jvm.dll+0xc507d]
V  [jvm.dll+0xc55b3]
V  [jvm.dll+0x3b68f2]
V  [jvm.dll+0x382aa5]
V  [jvm.dll+0x381f0a]
V  [jvm.dll+0x247af0]
V  [jvm.dll+0x2470cf]
V  [jvm.dll+0x1c760e]
V  [jvm.dll+0x25695a]
V  [jvm.dll+0x254efa]
V  [jvm.dll+0x3f03f6]
V  [jvm.dll+0x851f6b]
V  [jvm.dll+0x6cc7dd]
C  [ucrtbase.dll+0x37b0]
C  [KERNEL32.DLL+0x2e8d7]
C  [ntdll.dll+0x3c34c]


---------------  P R O C E S S  ---------------

Threads class SMR info:
_java_thread_list=0x0000022e7d445140, length=25, elements={
0x0000022e5f9e26c0, 0x0000022e7c671a80, 0x0000022e7c672780, 0x0000022e7c678e50,
0x0000022e7c6798a0, 0x0000022e7c67c660, 0x0000022e7c67d310, 0x0000022e7c6baa10,
0x0000022e7c6c2e60, 0x0000022e7c7a27d0, 0x0000022e7c985b20, 0x0000022e7e17c020,
0x0000022e7dfc37d0, 0x0000022e7e61f600, 0x0000022e7e5f8c20, 0x0000022e7e0fa040,
0x0000022e7ca52d50, 0x0000022e7d7869f0, 0x0000022e7d7897e0, 0x0000022e7d788430,
0x0000022e7d787710, 0x0000022e7d787080, 0x0000022e7d787da0, 0x0000022e7d789e70,
0x0000022e7c6bfeb0
}

Java Threads: ( => current thread )
  0x0000022e5f9e26c0 JavaThread "main"                              [_thread_blocked, id=2236, stack(0x000000361a500000,0x000000361a600000) (1024K)]
  0x0000022e7c671a80 JavaThread "Reference Handler"          daemon [_thread_blocked, id=1532, stack(0x000000361ad00000,0x000000361ae00000) (1024K)]
  0x0000022e7c672780 JavaThread "Finalizer"                  daemon [_thread_blocked, id=18868, stack(0x000000361ae00000,0x000000361af00000) (1024K)]
  0x0000022e7c678e50 JavaThread "Signal Dispatcher"          daemon [_thread_blocked, id=10088, stack(0x000000361af00000,0x000000361b000000) (1024K)]
  0x0000022e7c6798a0 JavaThread "Attach Listener"            daemon [_thread_blocked, id=2112, stack(0x000000361b000000,0x000000361b100000) (1024K)]
  0x0000022e7c67c660 JavaThread "Service Thread"             daemon [_thread_blocked, id=4020, stack(0x000000361b100000,0x000000361b200000) (1024K)]
  0x0000022e7c67d310 JavaThread "Monitor Deflation Thread"   daemon [_thread_blocked, id=16400, stack(0x000000361b200000,0x000000361b300000) (1024K)]
=>0x0000022e7c6baa10 JavaThread "C2 CompilerThread0"         daemon [_thread_in_native, id=1832, stack(0x000000361b300000,0x000000361b400000) (1024K)]
  0x0000022e7c6c2e60 JavaThread "C1 CompilerThread0"         daemon [_thread_blocked, id=17228, stack(0x000000361b400000,0x000000361b500000) (1024K)]
  0x0000022e7c7a27d0 JavaThread "Common-Cleaner"             daemon [_thread_blocked, id=11780, stack(0x000000361b500000,0x000000361b600000) (1024K)]
  0x0000022e7c985b20 JavaThread "Notification Thread"        daemon [_thread_blocked, id=6736, stack(0x000000361b600000,0x000000361b700000) (1024K)]
  0x0000022e7e17c020 JavaThread "Daemon health stats"               [_thread_blocked, id=12752, stack(0x000000361bd00000,0x000000361be00000) (1024K)]
  0x0000022e7dfc37d0 JavaThread "Incoming local TCP Connector on port 56372"        [_thread_in_native, id=13588, stack(0x000000361be00000,0x000000361bf00000) (1024K)]
  0x0000022e7e61f600 JavaThread "Daemon periodic checks"            [_thread_blocked, id=15236, stack(0x000000361bf00000,0x000000361c000000) (1024K)]
  0x0000022e7e5f8c20 JavaThread "Daemon"                            [_thread_blocked, id=2556, stack(0x000000361c000000,0x000000361c100000) (1024K)]
  0x0000022e7e0fa040 JavaThread "Handler for socket connection from /127.0.0.1:56372 to /127.0.0.1:56373"        [_thread_in_native, id=5020, stack(0x000000361c100000,0x000000361c200000) (1024K)]
  0x0000022e7ca52d50 JavaThread "Cancel handler"                    [_thread_blocked, id=16752, stack(0x000000361c200000,0x000000361c300000) (1024K)]
  0x0000022e7d7869f0 JavaThread "Daemon worker"                     [_thread_in_native, id=12928, stack(0x000000361c300000,0x000000361c400000) (1024K)]
  0x0000022e7d7897e0 JavaThread "Asynchronous log dispatcher for DefaultDaemonConnection: socket connection from /127.0.0.1:56372 to /127.0.0.1:56373"        [_thread_blocked, id=9012, stack(0x000000361c400000,0x000000361c500000) (1024K)]
  0x0000022e7d788430 JavaThread "Stdin handler"                     [_thread_blocked, id=16904, stack(0x000000361c500000,0x000000361c600000) (1024K)]
  0x0000022e7d787710 JavaThread "Daemon client event forwarder"        [_thread_blocked, id=12308, stack(0x000000361c600000,0x000000361c700000) (1024K)]
  0x0000022e7d787080 JavaThread "Cache worker for journal cache (C:\Users\LENOVO PC\.gradle\caches\journal-1)"        [_thread_blocked, id=14688, stack(0x000000361b700000,0x000000361b800000) (1024K)]
  0x0000022e7d787da0 JavaThread "File lock request listener"        [_thread_in_native, id=9408, stack(0x000000361c700000,0x000000361c800000) (1024K)]
  0x0000022e7d789e70 JavaThread "Cache worker for file hash cache (C:\Users\LENOVO PC\.gradle\caches\8.8\fileHashes)"        [_thread_blocked, id=4484, stack(0x000000361c800000,0x000000361c900000) (1024K)]
  0x0000022e7c6bfeb0 JavaThread "C2 CompilerThread1"         daemon [_thread_in_native, id=14876, stack(0x000000361c900000,0x000000361ca00000) (1024K)]
Total: 25

Other Threads:
  0x0000022e7c658270 VMThread "VM Thread"                           [id=9828, stack(0x000000361ac00000,0x000000361ad00000) (1024K)]
  0x0000022e7c64ac40 WatcherThread "VM Periodic Task Thread"        [id=10896, stack(0x000000361ab00000,0x000000361ac00000) (1024K)]
  0x0000022e5fa0f4e0 WorkerThread "GC Thread#0"                     [id=7304, stack(0x000000361a600000,0x000000361a700000) (1024K)]
  0x0000022e7cf14140 WorkerThread "GC Thread#1"                     [id=3944, stack(0x000000361b800000,0x000000361b900000) (1024K)]
  0x0000022e7cf144e0 WorkerThread "GC Thread#2"                     [id=7912, stack(0x000000361b900000,0x000000361ba00000) (1024K)]
  0x0000022e7cdf41a0 WorkerThread "GC Thread#3"                     [id=17492, stack(0x000000361ba00000,0x000000361bb00000) (1024K)]
  0x0000022e7cdf4540 WorkerThread "GC Thread#4"                     [id=15288, stack(0x000000361bb00000,0x000000361bc00000) (1024K)]
  0x0000022e7cdf48e0 WorkerThread "GC Thread#5"                     [id=14124, stack(0x000000361bc00000,0x000000361bd00000) (1024K)]
  0x0000022e5fa143d0 ConcurrentGCThread "G1 Main Marker"            [id=18892, stack(0x000000361a700000,0x000000361a800000) (1024K)]
  0x0000022e5fa15c60 WorkerThread "G1 Conc#0"                       [id=18068, stack(0x000000361a800000,0x000000361a900000) (1024K)]
  0x0000022e7c51ba20 ConcurrentGCThread "G1 Refine#0"               [id=15268, stack(0x000000361a900000,0x000000361aa00000) (1024K)]
  0x0000022e7c51d350 ConcurrentGCThread "G1 Service"                [id=12632, stack(0x000000361aa00000,0x000000361ab00000) (1024K)]
Total: 12

Threads with active compile tasks:
C2 CompilerThread0  10137 2583   !   4       java.lang.ClassLoader::loadClass (121 bytes)
C2 CompilerThread1  10137 2727       4       java.lang.invoke.MethodType::makeImpl (109 bytes)
Total: 2

VM state: not at safepoint (normal execution)

VM Mutex/Monitor currently owned by a thread: None

Heap address: 0x00000000e0000000, size: 512 MB, Compressed Oops mode: 32-bit

CDS archive(s) mapped at: [0x0000022e00000000-0x0000022e00c80000-0x0000022e00c80000), size 13107200, SharedBaseAddress: 0x0000022e00000000, ArchiveRelocationMode: 1.
Compressed class space mapped at: 0x0000022e01000000-0x0000022e15000000, reserved size: 335544320
Narrow klass base: 0x0000022e00000000, Narrow klass shift: 0, Narrow klass range: 0x100000000

GC Precious Log:
 CardTable entry size: 512
 Card Set container configuration: InlinePtr #cards 5 size 8 Array Of Cards #cards 12 size 40 Howl #buckets 4 coarsen threshold 1843 Howl Bitmap #cards 512 size 80 coarsen threshold 460 Card regions per heap region 1 cards per card region 2048
 CPUs: 8 total, 8 available
 Memory: 6020M
 Large Page Support: Disabled
 NUMA Support: Disabled
 Compressed Oops: Enabled (32-bit)
 Heap Region Size: 1M
 Heap Min Capacity: 256M
 Heap Initial Capacity: 256M
 Heap Max Capacity: 512M
 Pre-touch: Disabled
 Parallel Workers: 8
 Concurrent Workers: 2
 Concurrent Refinement Workers: 8
 Periodic GC: Disabled

Heap:
 garbage-first heap   total 262144K, used 99425K [0x00000000e0000000, 0x0000000100000000)
  region size 1024K, 86 young (88064K), 2 survivors (2048K)
 Metaspace       used 16347K, committed 16896K, reserved 393216K
  class space    used 2231K, committed 2496K, reserved 327680K

Heap Regions: E=young(eden), S=young(survivor), O=old, HS=humongous(starts), HC=humongous(continues), CS=collection set, F=free, TAMS=top-at-mark-start, PB=parsable bottom
|   0|0x00000000e0000000, 0x00000000e0100000, 0x00000000e0100000|100%|HS|  |TAMS 0x00000000e0000000| PB 0x00000000e0000000| Complete 
|   1|0x00000000e0100000, 0x00000000e0200000, 0x00000000e0200000|100%|HC|  |TAMS 0x00000000e0100000| PB 0x00000000e0100000| Complete 
|   2|0x00000000e0200000, 0x00000000e0300000, 0x00000000e0300000|100%|HC|  |TAMS 0x00000000e0200000| PB 0x00000000e0200000| Complete 
|   3|0x00000000e0300000, 0x00000000e0400000, 0x00000000e0400000|100%|HC|  |TAMS 0x00000000e0300000| PB 0x00000000e0300000| Complete 
|   4|0x00000000e0400000, 0x00000000e0500000, 0x00000000e0500000|100%| O|  |TAMS 0x00000000e0400000| PB 0x00000000e0400000| Untracked 
|   5|0x00000000e0500000, 0x00000000e0600000, 0x00000000e0600000|100%| O|  |TAMS 0x00000000e0500000| PB 0x00000000e0500000| Untracked 
|   6|0x00000000e0600000, 0x00000000e0700000, 0x00000000e0700000|100%| O|  |TAMS 0x00000000e0600000| PB 0x00000000e0600000| Untracked 
|   7|0x00000000e0700000, 0x00000000e0800000, 0x00000000e0800000|100%| O|  |TAMS 0x00000000e0700000| PB 0x00000000e0700000| Untracked 
|   8|0x00000000e0800000, 0x00000000e0900000, 0x00000000e0900000|100%| O|  |TAMS 0x00000000e0800000| PB 0x00000000e0800000| Untracked 
|   9|0x00000000e0900000, 0x00000000e0a00000, 0x00000000e0a00000|100%| O|  |TAMS 0x00000000e0900000| PB 0x00000000e0900000| Untracked 
|  10|0x00000000e0a00000, 0x00000000e0ad9c18, 0x00000000e0b00000| 85%| O|  |TAMS 0x00000000e0a00000| PB 0x00000000e0a00000| Untracked 
|  11|0x00000000e0b00000, 0x00000000e0c00000, 0x00000000e0c00000|100%|HS|  |TAMS 0x00000000e0b00000| PB 0x00000000e0b00000| Complete 
|  12|0x00000000e0c00000, 0x00000000e0d00000, 0x00000000e0d00000|100%|HS|  |TAMS 0x00000000e0c00000| PB 0x00000000e0c00000| Complete 
|  13|0x00000000e0d00000, 0x00000000e0d00000, 0x00000000e0e00000|  0%| F|  |TAMS 0x00000000e0d00000| PB 0x00000000e0d00000| Untracked 
|  14|0x00000000e0e00000, 0x00000000e0e00000, 0x00000000e0f00000|  0%| F|  |TAMS 0x00000000e0e00000| PB 0x00000000e0e00000| Untracked 
|  15|0x00000000e0f00000, 0x00000000e0f00000, 0x00000000e1000000|  0%| F|  |TAMS 0x00000000e0f00000| PB 0x00000000e0f00000| Untracked 
|  16|0x00000000e1000000, 0x00000000e1000000, 0x00000000e1100000|  0%| F|  |TAMS 0x00000000e1000000| PB 0x00000000e1000000| Untracked 
|  17|0x00000000e1100000, 0x00000000e1100000, 0x00000000e1200000|  0%| F|  |TAMS 0x00000000e1100000| PB 0x00000000e1100000| Untracked 
|  18|0x00000000e1200000, 0x00000000e1200000, 0x00000000e1300000|  0%| F|  |TAMS 0x00000000e1200000| PB 0x00000000e1200000| Untracked 
|  19|0x00000000e1300000, 0x00000000e1300000, 0x00000000e1400000|  0%| F|  |TAMS 0x00000000e1300000| PB 0x00000000e1300000| Untracked 
|  20|0x00000000e1400000, 0x00000000e1400000, 0x00000000e1500000|  0%| F|  |TAMS 0x00000000e1400000| PB 0x00000000e1400000| Untracked 
|  21|0x00000000e1500000, 0x00000000e1500000, 0x00000000e1600000|  0%| F|  |TAMS 0x00000000e1500000| PB 0x00000000e1500000| Untracked 
|  22|0x00000000e1600000, 0x00000000e1600000, 0x00000000e1700000|  0%| F|  |TAMS 0x00000000e1600000| PB 0x00000000e1600000| Untracked 
|  23|0x00000000e1700000, 0x00000000e1700000, 0x00000000e1800000|  0%| F|  |TAMS 0x00000000e1700000| PB 0x00000000e1700000| Untracked 
|  24|0x00000000e1800000, 0x00000000e1800000, 0x00000000e1900000|  0%| F|  |TAMS 0x00000000e1800000| PB 0x00000000e1800000| Untracked 
|  25|0x00000000e1900000, 0x00000000e1900000, 0x00000000e1a00000|  0%| F|  |TAMS 0x00000000e1900000| PB 0x00000000e1900000| Untracked 
|  26|0x00000000e1a00000, 0x00000000e1a00000, 0x00000000e1b00000|  0%| F|  |TAMS 0x00000000e1a00000| PB 0x00000000e1a00000| Untracked 
|  27|0x00000000e1b00000, 0x00000000e1b00000, 0x00000000e1c00000|  0%| F|  |TAMS 0x00000000e1b00000| PB 0x00000000e1b00000| Untracked 
|  28|0x00000000e1c00000, 0x00000000e1c00000, 0x00000000e1d00000|  0%| F|  |TAMS 0x00000000e1c00000| PB 0x00000000e1c00000| Untracked 
|  29|0x00000000e1d00000, 0x00000000e1d00000, 0x00000000e1e00000|  0%| F|  |TAMS 0x00000000e1d00000| PB 0x00000000e1d00000| Untracked 
|  30|0x00000000e1e00000, 0x00000000e1e00000, 0x00000000e1f00000|  0%| F|  |TAMS 0x00000000e1e00000| PB 0x00000000e1e00000| Untracked 
|  31|0x00000000e1f00000, 0x00000000e1f00000, 0x00000000e2000000|  0%| F|  |TAMS 0x00000000e1f00000| PB 0x00000000e1f00000| Untracked 
|  32|0x00000000e2000000, 0x00000000e2000000, 0x00000000e2100000|  0%| F|  |TAMS 0x00000000e2000000| PB 0x00000000e2000000| Untracked 
|  33|0x00000000e2100000, 0x00000000e2100000, 0x00000000e2200000|  0%| F|  |TAMS 0x00000000e2100000| PB 0x00000000e2100000| Untracked 
|  34|0x00000000e2200000, 0x00000000e2200000, 0x00000000e2300000|  0%| F|  |TAMS 0x00000000e2200000| PB 0x00000000e2200000| Untracked 
|  35|0x00000000e2300000, 0x00000000e2300000, 0x00000000e2400000|  0%| F|  |TAMS 0x00000000e2300000| PB 0x00000000e2300000| Untracked 
|  36|0x00000000e2400000, 0x00000000e2400000, 0x00000000e2500000|  0%| F|  |TAMS 0x00000000e2400000| PB 0x00000000e2400000| Untracked 
|  37|0x00000000e2500000, 0x00000000e2500000, 0x00000000e2600000|  0%| F|  |TAMS 0x00000000e2500000| PB 0x00000000e2500000| Untracked 
|  38|0x00000000e2600000, 0x00000000e2600000, 0x00000000e2700000|  0%| F|  |TAMS 0x00000000e2600000| PB 0x00000000e2600000| Untracked 
|  39|0x00000000e2700000, 0x00000000e2700000, 0x00000000e2800000|  0%| F|  |TAMS 0x00000000e2700000| PB 0x00000000e2700000| Untracked 
|  40|0x00000000e2800000, 0x00000000e2800000, 0x00000000e2900000|  0%| F|  |TAMS 0x00000000e2800000| PB 0x00000000e2800000| Untracked 
|  41|0x00000000e2900000, 0x00000000e2900000, 0x00000000e2a00000|  0%| F|  |TAMS 0x00000000e2900000| PB 0x00000000e2900000| Untracked 
|  42|0x00000000e2a00000, 0x00000000e2a00000, 0x00000000e2b00000|  0%| F|  |TAMS 0x00000000e2a00000| PB 0x00000000e2a00000| Untracked 
|  43|0x00000000e2b00000, 0x00000000e2b00000, 0x00000000e2c00000|  0%| F|  |TAMS 0x00000000e2b00000| PB 0x00000000e2b00000| Untracked 
|  44|0x00000000e2c00000, 0x00000000e2c00000, 0x00000000e2d00000|  0%| F|  |TAMS 0x00000000e2c00000| PB 0x00000000e2c00000| Untracked 
|  45|0x00000000e2d00000, 0x00000000e2d00000, 0x00000000e2e00000|  0%| F|  |TAMS 0x00000000e2d00000| PB 0x00000000e2d00000| Untracked 
|  46|0x00000000e2e00000, 0x00000000e2e00000, 0x00000000e2f00000|  0%| F|  |TAMS 0x00000000e2e00000| PB 0x00000000e2e00000| Untracked 
|  47|0x00000000e2f00000, 0x00000000e2f00000, 0x00000000e3000000|  0%| F|  |TAMS 0x00000000e2f00000| PB 0x00000000e2f00000| Untracked 
|  48|0x00000000e3000000, 0x00000000e3000000, 0x00000000e3100000|  0%| F|  |TAMS 0x00000000e3000000| PB 0x00000000e3000000| Untracked 
|  49|0x00000000e3100000, 0x00000000e3100000, 0x00000000e3200000|  0%| F|  |TAMS 0x00000000e3100000| PB 0x00000000e3100000| Untracked 
|  50|0x00000000e3200000, 0x00000000e3200000, 0x00000000e3300000|  0%| F|  |TAMS 0x00000000e3200000| PB 0x00000000e3200000| Untracked 
|  51|0x00000000e3300000, 0x00000000e3300000, 0x00000000e3400000|  0%| F|  |TAMS 0x00000000e3300000| PB 0x00000000e3300000| Untracked 
|  52|0x00000000e3400000, 0x00000000e3400000, 0x00000000e3500000|  0%| F|  |TAMS 0x00000000e3400000| PB 0x00000000e3400000| Untracked 
|  53|0x00000000e3500000, 0x00000000e3500000, 0x00000000e3600000|  0%| F|  |TAMS 0x00000000e3500000| PB 0x00000000e3500000| Untracked 
|  54|0x00000000e3600000, 0x00000000e3600000, 0x00000000e3700000|  0%| F|  |TAMS 0x00000000e3600000| PB 0x00000000e3600000| Untracked 
|  55|0x00000000e3700000, 0x00000000e3700000, 0x00000000e3800000|  0%| F|  |TAMS 0x00000000e3700000| PB 0x00000000e3700000| Untracked 
|  56|0x00000000e3800000, 0x00000000e3800000, 0x00000000e3900000|  0%| F|  |TAMS 0x00000000e3800000| PB 0x00000000e3800000| Untracked 
|  57|0x00000000e3900000, 0x00000000e3900000, 0x00000000e3a00000|  0%| F|  |TAMS 0x00000000e3900000| PB 0x00000000e3900000| Untracked 
|  58|0x00000000e3a00000, 0x00000000e3a00000, 0x00000000e3b00000|  0%| F|  |TAMS 0x00000000e3a00000| PB 0x00000000e3a00000| Untracked 
|  59|0x00000000e3b00000, 0x00000000e3b00000, 0x00000000e3c00000|  0%| F|  |TAMS 0x00000000e3b00000| PB 0x00000000e3b00000| Untracked 
|  60|0x00000000e3c00000, 0x00000000e3c00000, 0x00000000e3d00000|  0%| F|  |TAMS 0x00000000e3c00000| PB 0x00000000e3c00000| Untracked 
|  61|0x00000000e3d00000, 0x00000000e3d00000, 0x00000000e3e00000|  0%| F|  |TAMS 0x00000000e3d00000| PB 0x00000000e3d00000| Untracked 
|  62|0x00000000e3e00000, 0x00000000e3e00000, 0x00000000e3f00000|  0%| F|  |TAMS 0x00000000e3e00000| PB 0x00000000e3e00000| Untracked 
|  63|0x00000000e3f00000, 0x00000000e3f00000, 0x00000000e4000000|  0%| F|  |TAMS 0x00000000e3f00000| PB 0x00000000e3f00000| Untracked 
|  64|0x00000000e4000000, 0x00000000e4000000, 0x00000000e4100000|  0%| F|  |TAMS 0x00000000e4000000| PB 0x00000000e4000000| Untracked 
|  65|0x00000000e4100000, 0x00000000e4100000, 0x00000000e4200000|  0%| F|  |TAMS 0x00000000e4100000| PB 0x00000000e4100000| Untracked 
|  66|0x00000000e4200000, 0x00000000e4200000, 0x00000000e4300000|  0%| F|  |TAMS 0x00000000e4200000| PB 0x00000000e4200000| Untracked 
|  67|0x00000000e4300000, 0x00000000e4300000, 0x00000000e4400000|  0%| F|  |TAMS 0x00000000e4300000| PB 0x00000000e4300000| Untracked 
|  68|0x00000000e4400000, 0x00000000e4400000, 0x00000000e4500000|  0%| F|  |TAMS 0x00000000e4400000| PB 0x00000000e4400000| Untracked 
|  69|0x00000000e4500000, 0x00000000e4500000, 0x00000000e4600000|  0%| F|  |TAMS 0x00000000e4500000| PB 0x00000000e4500000| Untracked 
|  70|0x00000000e4600000, 0x00000000e4600000, 0x00000000e4700000|  0%| F|  |TAMS 0x00000000e4600000| PB 0x00000000e4600000| Untracked 
|  71|0x00000000e4700000, 0x00000000e4700000, 0x00000000e4800000|  0%| F|  |TAMS 0x00000000e4700000| PB 0x00000000e4700000| Untracked 
|  72|0x00000000e4800000, 0x00000000e4800000, 0x00000000e4900000|  0%| F|  |TAMS 0x00000000e4800000| PB 0x00000000e4800000| Untracked 
|  73|0x00000000e4900000, 0x00000000e4900000, 0x00000000e4a00000|  0%| F|  |TAMS 0x00000000e4900000| PB 0x00000000e4900000| Untracked 
|  74|0x00000000e4a00000, 0x00000000e4a00000, 0x00000000e4b00000|  0%| F|  |TAMS 0x00000000e4a00000| PB 0x00000000e4a00000| Untracked 
|  75|0x00000000e4b00000, 0x00000000e4b00000, 0x00000000e4c00000|  0%| F|  |TAMS 0x00000000e4b00000| PB 0x00000000e4b00000| Untracked 
|  76|0x00000000e4c00000, 0x00000000e4c00000, 0x00000000e4d00000|  0%| F|  |TAMS 0x00000000e4c00000| PB 0x00000000e4c00000| Untracked 
|  77|0x00000000e4d00000, 0x00000000e4d00000, 0x00000000e4e00000|  0%| F|  |TAMS 0x00000000e4d00000| PB 0x00000000e4d00000| Untracked 
|  78|0x00000000e4e00000, 0x00000000e4e00000, 0x00000000e4f00000|  0%| F|  |TAMS 0x00000000e4e00000| PB 0x00000000e4e00000| Untracked 
|  79|0x00000000e4f00000, 0x00000000e4f00000, 0x00000000e5000000|  0%| F|  |TAMS 0x00000000e4f00000| PB 0x00000000e4f00000| Untracked 
|  80|0x00000000e5000000, 0x00000000e5000000, 0x00000000e5100000|  0%| F|  |TAMS 0x00000000e5000000| PB 0x00000000e5000000| Untracked 
|  81|0x00000000e5100000, 0x00000000e5100000, 0x00000000e5200000|  0%| F|  |TAMS 0x00000000e5100000| PB 0x00000000e5100000| Untracked 
|  82|0x00000000e5200000, 0x00000000e5200000, 0x00000000e5300000|  0%| F|  |TAMS 0x00000000e5200000| PB 0x00000000e5200000| Untracked 
|  83|0x00000000e5300000, 0x00000000e5300000, 0x00000000e5400000|  0%| F|  |TAMS 0x00000000e5300000| PB 0x00000000e5300000| Untracked 
|  84|0x00000000e5400000, 0x00000000e5400000, 0x00000000e5500000|  0%| F|  |TAMS 0x00000000e5400000| PB 0x00000000e5400000| Untracked 
|  85|0x00000000e5500000, 0x00000000e5500000, 0x00000000e5600000|  0%| F|  |TAMS 0x00000000e5500000| PB 0x00000000e5500000| Untracked 
|  86|0x00000000e5600000, 0x00000000e5600000, 0x00000000e5700000|  0%| F|  |TAMS 0x00000000e5600000| PB 0x00000000e5600000| Untracked 
|  87|0x00000000e5700000, 0x00000000e5700000, 0x00000000e5800000|  0%| F|  |TAMS 0x00000000e5700000| PB 0x00000000e5700000| Untracked 
|  88|0x00000000e5800000, 0x00000000e5800000, 0x00000000e5900000|  0%| F|  |TAMS 0x00000000e5800000| PB 0x00000000e5800000| Untracked 
|  89|0x00000000e5900000, 0x00000000e5900000, 0x00000000e5a00000|  0%| F|  |TAMS 0x00000000e5900000| PB 0x00000000e5900000| Untracked 
|  90|0x00000000e5a00000, 0x00000000e5a00000, 0x00000000e5b00000|  0%| F|  |TAMS 0x00000000e5a00000| PB 0x00000000e5a00000| Untracked 
|  91|0x00000000e5b00000, 0x00000000e5b00000, 0x00000000e5c00000|  0%| F|  |TAMS 0x00000000e5b00000| PB 0x00000000e5b00000| Untracked 
|  92|0x00000000e5c00000, 0x00000000e5c00000, 0x00000000e5d00000|  0%| F|  |TAMS 0x00000000e5c00000| PB 0x00000000e5c00000| Untracked 
|  93|0x00000000e5d00000, 0x00000000e5d00000, 0x00000000e5e00000|  0%| F|  |TAMS 0x00000000e5d00000| PB 0x00000000e5d00000| Untracked 
|  94|0x00000000e5e00000, 0x00000000e5e00000, 0x00000000e5f00000|  0%| F|  |TAMS 0x00000000e5e00000| PB 0x00000000e5e00000| Untracked 
|  95|0x00000000e5f00000, 0x00000000e5f00000, 0x00000000e6000000|  0%| F|  |TAMS 0x00000000e5f00000| PB 0x00000000e5f00000| Untracked 
|  96|0x00000000e6000000, 0x00000000e6000000, 0x00000000e6100000|  0%| F|  |TAMS 0x00000000e6000000| PB 0x00000000e6000000| Untracked 
|  97|0x00000000e6100000, 0x00000000e6100000, 0x00000000e6200000|  0%| F|  |TAMS 0x00000000e6100000| PB 0x00000000e6100000| Untracked 
|  98|0x00000000e6200000, 0x00000000e6200000, 0x00000000e6300000|  0%| F|  |TAMS 0x00000000e6200000| PB 0x00000000e6200000| Untracked 
|  99|0x00000000e6300000, 0x00000000e6300000, 0x00000000e6400000|  0%| F|  |TAMS 0x00000000e6300000| PB 0x00000000e6300000| Untracked 
| 100|0x00000000e6400000, 0x00000000e6400000, 0x00000000e6500000|  0%| F|  |TAMS 0x00000000e6400000| PB 0x00000000e6400000| Untracked 
| 101|0x00000000e6500000, 0x00000000e6500000, 0x00000000e6600000|  0%| F|  |TAMS 0x00000000e6500000| PB 0x00000000e6500000| Untracked 
| 102|0x00000000e6600000, 0x00000000e6600000, 0x00000000e6700000|  0%| F|  |TAMS 0x00000000e6600000| PB 0x00000000e6600000| Untracked 
| 103|0x00000000e6700000, 0x00000000e6700000, 0x00000000e6800000|  0%| F|  |TAMS 0x00000000e6700000| PB 0x00000000e6700000| Untracked 
| 104|0x00000000e6800000, 0x00000000e6800000, 0x00000000e6900000|  0%| F|  |TAMS 0x00000000e6800000| PB 0x00000000e6800000| Untracked 
| 105|0x00000000e6900000, 0x00000000e6900000, 0x00000000e6a00000|  0%| F|  |TAMS 0x00000000e6900000| PB 0x00000000e6900000| Untracked 
| 106|0x00000000e6a00000, 0x00000000e6a00000, 0x00000000e6b00000|  0%| F|  |TAMS 0x00000000e6a00000| PB 0x00000000e6a00000| Untracked 
| 107|0x00000000e6b00000, 0x00000000e6b00000, 0x00000000e6c00000|  0%| F|  |TAMS 0x00000000e6b00000| PB 0x00000000e6b00000| Untracked 
| 108|0x00000000e6c00000, 0x00000000e6c00000, 0x00000000e6d00000|  0%| F|  |TAMS 0x00000000e6c00000| PB 0x00000000e6c00000| Untracked 
| 109|0x00000000e6d00000, 0x00000000e6d00000, 0x00000000e6e00000|  0%| F|  |TAMS 0x00000000e6d00000| PB 0x00000000e6d00000| Untracked 
| 110|0x00000000e6e00000, 0x00000000e6e00000, 0x00000000e6f00000|  0%| F|  |TAMS 0x00000000e6e00000| PB 0x00000000e6e00000| Untracked 
| 111|0x00000000e6f00000, 0x00000000e6f00000, 0x00000000e7000000|  0%| F|  |TAMS 0x00000000e6f00000| PB 0x00000000e6f00000| Untracked 
| 112|0x00000000e7000000, 0x00000000e7000000, 0x00000000e7100000|  0%| F|  |TAMS 0x00000000e7000000| PB 0x00000000e7000000| Untracked 
| 113|0x00000000e7100000, 0x00000000e7100000, 0x00000000e7200000|  0%| F|  |TAMS 0x00000000e7100000| PB 0x00000000e7100000| Untracked 
| 114|0x00000000e7200000, 0x00000000e7200000, 0x00000000e7300000|  0%| F|  |TAMS 0x00000000e7200000| PB 0x00000000e7200000| Untracked 
| 115|0x00000000e7300000, 0x00000000e7300000, 0x00000000e7400000|  0%| F|  |TAMS 0x00000000e7300000| PB 0x00000000e7300000| Untracked 
| 116|0x00000000e7400000, 0x00000000e7400000, 0x00000000e7500000|  0%| F|  |TAMS 0x00000000e7400000| PB 0x00000000e7400000| Untracked 
| 117|0x00000000e7500000, 0x00000000e7500000, 0x00000000e7600000|  0%| F|  |TAMS 0x00000000e7500000| PB 0x00000000e7500000| Untracked 
| 118|0x00000000e7600000, 0x00000000e7600000, 0x00000000e7700000|  0%| F|  |TAMS 0x00000000e7600000| PB 0x00000000e7600000| Untracked 
| 119|0x00000000e7700000, 0x00000000e7700000, 0x00000000e7800000|  0%| F|  |TAMS 0x00000000e7700000| PB 0x00000000e7700000| Untracked 
| 120|0x00000000e7800000, 0x00000000e7800000, 0x00000000e7900000|  0%| F|  |TAMS 0x00000000e7800000| PB 0x00000000e7800000| Untracked 
| 121|0x00000000e7900000, 0x00000000e7900000, 0x00000000e7a00000|  0%| F|  |TAMS 0x00000000e7900000| PB 0x00000000e7900000| Untracked 
| 122|0x00000000e7a00000, 0x00000000e7a00000, 0x00000000e7b00000|  0%| F|  |TAMS 0x00000000e7a00000| PB 0x00000000e7a00000| Untracked 
| 123|0x00000000e7b00000, 0x00000000e7b00000, 0x00000000e7c00000|  0%| F|  |TAMS 0x00000000e7b00000| PB 0x00000000e7b00000| Untracked 
| 124|0x00000000e7c00000, 0x00000000e7c00000, 0x00000000e7d00000|  0%| F|  |TAMS 0x00000000e7c00000| PB 0x00000000e7c00000| Untracked 
| 125|0x00000000e7d00000, 0x00000000e7d00000, 0x00000000e7e00000|  0%| F|  |TAMS 0x00000000e7d00000| PB 0x00000000e7d00000| Untracked 
| 126|0x00000000e7e00000, 0x00000000e7e00000, 0x00000000e7f00000|  0%| F|  |TAMS 0x00000000e7e00000| PB 0x00000000e7e00000| Untracked 
| 127|0x00000000e7f00000, 0x00000000e7f00000, 0x00000000e8000000|  0%| F|  |TAMS 0x00000000e7f00000| PB 0x00000000e7f00000| Untracked 
| 128|0x00000000e8000000, 0x00000000e8000000, 0x00000000e8100000|  0%| F|  |TAMS 0x00000000e8000000| PB 0x00000000e8000000| Untracked 
| 129|0x00000000e8100000, 0x00000000e8100000, 0x00000000e8200000|  0%| F|  |TAMS 0x00000000e8100000| PB 0x00000000e8100000| Untracked 
| 130|0x00000000e8200000, 0x00000000e8200000, 0x00000000e8300000|  0%| F|  |TAMS 0x00000000e8200000| PB 0x00000000e8200000| Untracked 
| 131|0x00000000e8300000, 0x00000000e8300000, 0x00000000e8400000|  0%| F|  |TAMS 0x00000000e8300000| PB 0x00000000e8300000| Untracked 
| 132|0x00000000e8400000, 0x00000000e8400000, 0x00000000e8500000|  0%| F|  |TAMS 0x00000000e8400000| PB 0x00000000e8400000| Untracked 
| 133|0x00000000e8500000, 0x00000000e8500000, 0x00000000e8600000|  0%| F|  |TAMS 0x00000000e8500000| PB 0x00000000e8500000| Untracked 
| 134|0x00000000e8600000, 0x00000000e8600000, 0x00000000e8700000|  0%| F|  |TAMS 0x00000000e8600000| PB 0x00000000e8600000| Untracked 
| 135|0x00000000e8700000, 0x00000000e8700000, 0x00000000e8800000|  0%| F|  |TAMS 0x00000000e8700000| PB 0x00000000e8700000| Untracked 
| 136|0x00000000e8800000, 0x00000000e8800000, 0x00000000e8900000|  0%| F|  |TAMS 0x00000000e8800000| PB 0x00000000e8800000| Untracked 
| 137|0x00000000e8900000, 0x00000000e8900000, 0x00000000e8a00000|  0%| F|  |TAMS 0x00000000e8900000| PB 0x00000000e8900000| Untracked 
| 138|0x00000000e8a00000, 0x00000000e8a00000, 0x00000000e8b00000|  0%| F|  |TAMS 0x00000000e8a00000| PB 0x00000000e8a00000| Untracked 
| 139|0x00000000e8b00000, 0x00000000e8b00000, 0x00000000e8c00000|  0%| F|  |TAMS 0x00000000e8b00000| PB 0x00000000e8b00000| Untracked 
| 140|0x00000000e8c00000, 0x00000000e8c00000, 0x00000000e8d00000|  0%| F|  |TAMS 0x00000000e8c00000| PB 0x00000000e8c00000| Untracked 
| 141|0x00000000e8d00000, 0x00000000e8d00000, 0x00000000e8e00000|  0%| F|  |TAMS 0x00000000e8d00000| PB 0x00000000e8d00000| Untracked 
| 142|0x00000000e8e00000, 0x00000000e8e00000, 0x00000000e8f00000|  0%| F|  |TAMS 0x00000000e8e00000| PB 0x00000000e8e00000| Untracked 
| 143|0x00000000e8f00000, 0x00000000e8f00000, 0x00000000e9000000|  0%| F|  |TAMS 0x00000000e8f00000| PB 0x00000000e8f00000| Untracked 
| 144|0x00000000e9000000, 0x00000000e9000000, 0x00000000e9100000|  0%| F|  |TAMS 0x00000000e9000000| PB 0x00000000e9000000| Untracked 
| 145|0x00000000e9100000, 0x00000000e9100000, 0x00000000e9200000|  0%| F|  |TAMS 0x00000000e9100000| PB 0x00000000e9100000| Untracked 
| 146|0x00000000e9200000, 0x00000000e9200000, 0x00000000e9300000|  0%| F|  |TAMS 0x00000000e9200000| PB 0x00000000e9200000| Untracked 
| 147|0x00000000e9300000, 0x00000000e9300000, 0x00000000e9400000|  0%| F|  |TAMS 0x00000000e9300000| PB 0x00000000e9300000| Untracked 
| 148|0x00000000e9400000, 0x00000000e9400000, 0x00000000e9500000|  0%| F|  |TAMS 0x00000000e9400000| PB 0x00000000e9400000| Untracked 
| 149|0x00000000e9500000, 0x00000000e9500000, 0x00000000e9600000|  0%| F|  |TAMS 0x00000000e9500000| PB 0x00000000e9500000| Untracked 
| 150|0x00000000e9600000, 0x00000000e9600000, 0x00000000e9700000|  0%| F|  |TAMS 0x00000000e9600000| PB 0x00000000e9600000| Untracked 
| 151|0x00000000e9700000, 0x00000000e9700000, 0x00000000e9800000|  0%| F|  |TAMS 0x00000000e9700000| PB 0x00000000e9700000| Untracked 
| 152|0x00000000e9800000, 0x00000000e9800000, 0x00000000e9900000|  0%| F|  |TAMS 0x00000000e9800000| PB 0x00000000e9800000| Untracked 
| 153|0x00000000e9900000, 0x00000000e9900000, 0x00000000e9a00000|  0%| F|  |TAMS 0x00000000e9900000| PB 0x00000000e9900000| Untracked 
| 154|0x00000000e9a00000, 0x00000000e9a00000, 0x00000000e9b00000|  0%| F|  |TAMS 0x00000000e9a00000| PB 0x00000000e9a00000| Untracked 
| 155|0x00000000e9b00000, 0x00000000e9b00000, 0x00000000e9c00000|  0%| F|  |TAMS 0x00000000e9b00000| PB 0x00000000e9b00000| Untracked 
| 156|0x00000000e9c00000, 0x00000000e9c00000, 0x00000000e9d00000|  0%| F|  |TAMS 0x00000000e9c00000| PB 0x00000000e9c00000| Untracked 
| 157|0x00000000e9d00000, 0x00000000e9d00000, 0x00000000e9e00000|  0%| F|  |TAMS 0x00000000e9d00000| PB 0x00000000e9d00000| Untracked 
| 158|0x00000000e9e00000, 0x00000000e9e00000, 0x00000000e9f00000|  0%| F|  |TAMS 0x00000000e9e00000| PB 0x00000000e9e00000| Untracked 
| 159|0x00000000e9f00000, 0x00000000e9f00000, 0x00000000ea000000|  0%| F|  |TAMS 0x00000000e9f00000| PB 0x00000000e9f00000| Untracked 
| 160|0x00000000ea000000, 0x00000000ea000000, 0x00000000ea100000|  0%| F|  |TAMS 0x00000000ea000000| PB 0x00000000ea000000| Untracked 
| 161|0x00000000ea100000, 0x00000000ea100000, 0x00000000ea200000|  0%| F|  |TAMS 0x00000000ea100000| PB 0x00000000ea100000| Untracked 
| 162|0x00000000ea200000, 0x00000000ea200000, 0x00000000ea300000|  0%| F|  |TAMS 0x00000000ea200000| PB 0x00000000ea200000| Untracked 
| 163|0x00000000ea300000, 0x00000000ea300000, 0x00000000ea400000|  0%| F|  |TAMS 0x00000000ea300000| PB 0x00000000ea300000| Untracked 
| 164|0x00000000ea400000, 0x00000000ea400000, 0x00000000ea500000|  0%| F|  |TAMS 0x00000000ea400000| PB 0x00000000ea400000| Untracked 
| 165|0x00000000ea500000, 0x00000000ea500000, 0x00000000ea600000|  0%| F|  |TAMS 0x00000000ea500000| PB 0x00000000ea500000| Untracked 
| 166|0x00000000ea600000, 0x00000000ea600000, 0x00000000ea700000|  0%| F|  |TAMS 0x00000000ea600000| PB 0x00000000ea600000| Untracked 
| 167|0x00000000ea700000, 0x00000000ea700000, 0x00000000ea800000|  0%| F|  |TAMS 0x00000000ea700000| PB 0x00000000ea700000| Untracked 
| 168|0x00000000ea800000, 0x00000000ea800000, 0x00000000ea900000|  0%| F|  |TAMS 0x00000000ea800000| PB 0x00000000ea800000| Untracked 
| 169|0x00000000ea900000, 0x00000000ea900000, 0x00000000eaa00000|  0%| F|  |TAMS 0x00000000ea900000| PB 0x00000000ea900000| Untracked 
| 170|0x00000000eaa00000, 0x00000000eab00000, 0x00000000eab00000|100%| E|  |TAMS 0x00000000eaa00000| PB 0x00000000eaa00000| Complete 
| 171|0x00000000eab00000, 0x00000000eac00000, 0x00000000eac00000|100%| E|CS|TAMS 0x00000000eab00000| PB 0x00000000eab00000| Complete 
| 172|0x00000000eac00000, 0x00000000ead00000, 0x00000000ead00000|100%| E|CS|TAMS 0x00000000eac00000| PB 0x00000000eac00000| Complete 
| 173|0x00000000ead00000, 0x00000000eae00000, 0x00000000eae00000|100%| E|CS|TAMS 0x00000000ead00000| PB 0x00000000ead00000| Complete 
| 174|0x00000000eae00000, 0x00000000eaf00000, 0x00000000eaf00000|100%| E|CS|TAMS 0x00000000eae00000| PB 0x00000000eae00000| Complete 
| 175|0x00000000eaf00000, 0x00000000eb000000, 0x00000000eb000000|100%| E|CS|TAMS 0x00000000eaf00000| PB 0x00000000eaf00000| Complete 
| 176|0x00000000eb000000, 0x00000000eb100000, 0x00000000eb100000|100%| E|CS|TAMS 0x00000000eb000000| PB 0x00000000eb000000| Complete 
| 177|0x00000000eb100000, 0x00000000eb200000, 0x00000000eb200000|100%| E|CS|TAMS 0x00000000eb100000| PB 0x00000000eb100000| Complete 
| 178|0x00000000eb200000, 0x00000000eb300000, 0x00000000eb300000|100%| E|CS|TAMS 0x00000000eb200000| PB 0x00000000eb200000| Complete 
| 179|0x00000000eb300000, 0x00000000eb400000, 0x00000000eb400000|100%| E|CS|TAMS 0x00000000eb300000| PB 0x00000000eb300000| Complete 
| 180|0x00000000eb400000, 0x00000000eb500000, 0x00000000eb500000|100%| E|CS|TAMS 0x00000000eb400000| PB 0x00000000eb400000| Complete 
| 181|0x00000000eb500000, 0x00000000eb600000, 0x00000000eb600000|100%| E|CS|TAMS 0x00000000eb500000| PB 0x00000000eb500000| Complete 
| 182|0x00000000eb600000, 0x00000000eb700000, 0x00000000eb700000|100%| E|CS|TAMS 0x00000000eb600000| PB 0x00000000eb600000| Complete 
| 183|0x00000000eb700000, 0x00000000eb800000, 0x00000000eb800000|100%| E|CS|TAMS 0x00000000eb700000| PB 0x00000000eb700000| Complete 
| 184|0x00000000eb800000, 0x00000000eb900000, 0x00000000eb900000|100%| E|CS|TAMS 0x00000000eb800000| PB 0x00000000eb800000| Complete 
| 185|0x00000000eb900000, 0x00000000eba00000, 0x00000000eba00000|100%| E|CS|TAMS 0x00000000eb900000| PB 0x00000000eb900000| Complete 
| 186|0x00000000eba00000, 0x00000000ebb00000, 0x00000000ebb00000|100%| E|CS|TAMS 0x00000000eba00000| PB 0x00000000eba00000| Complete 
| 187|0x00000000ebb00000, 0x00000000ebc00000, 0x00000000ebc00000|100%| E|CS|TAMS 0x00000000ebb00000| PB 0x00000000ebb00000| Complete 
| 188|0x00000000ebc00000, 0x00000000ebd00000, 0x00000000ebd00000|100%| E|CS|TAMS 0x00000000ebc00000| PB 0x00000000ebc00000| Complete 
| 189|0x00000000ebd00000, 0x00000000ebe00000, 0x00000000ebe00000|100%| E|CS|TAMS 0x00000000ebd00000| PB 0x00000000ebd00000| Complete 
| 190|0x00000000ebe00000, 0x00000000ebf00000, 0x00000000ebf00000|100%| E|CS|TAMS 0x00000000ebe00000| PB 0x00000000ebe00000| Complete 
| 191|0x00000000ebf00000, 0x00000000ec000000, 0x00000000ec000000|100%| E|CS|TAMS 0x00000000ebf00000| PB 0x00000000ebf00000| Complete 
| 192|0x00000000ec000000, 0x00000000ec100000, 0x00000000ec100000|100%| E|CS|TAMS 0x00000000ec000000| PB 0x00000000ec000000| Complete 
| 193|0x00000000ec100000, 0x00000000ec200000, 0x00000000ec200000|100%| E|CS|TAMS 0x00000000ec100000| PB 0x00000000ec100000| Complete 
| 194|0x00000000ec200000, 0x00000000ec300000, 0x00000000ec300000|100%| E|CS|TAMS 0x00000000ec200000| PB 0x00000000ec200000| Complete 
| 195|0x00000000ec300000, 0x00000000ec400000, 0x00000000ec400000|100%| E|CS|TAMS 0x00000000ec300000| PB 0x00000000ec300000| Complete 
| 196|0x00000000ec400000, 0x00000000ec500000, 0x00000000ec500000|100%| E|CS|TAMS 0x00000000ec400000| PB 0x00000000ec400000| Complete 
| 197|0x00000000ec500000, 0x00000000ec600000, 0x00000000ec600000|100%| E|CS|TAMS 0x00000000ec500000| PB 0x00000000ec500000| Complete 
| 198|0x00000000ec600000, 0x00000000ec700000, 0x00000000ec700000|100%| E|CS|TAMS 0x00000000ec600000| PB 0x00000000ec600000| Complete 
| 199|0x00000000ec700000, 0x00000000ec800000, 0x00000000ec800000|100%| E|CS|TAMS 0x00000000ec700000| PB 0x00000000ec700000| Complete 
| 200|0x00000000ec800000, 0x00000000ec900000, 0x00000000ec900000|100%| E|CS|TAMS 0x00000000ec800000| PB 0x00000000ec800000| Complete 
| 201|0x00000000ec900000, 0x00000000eca00000, 0x00000000eca00000|100%| E|CS|TAMS 0x00000000ec900000| PB 0x00000000ec900000| Complete 
| 202|0x00000000eca00000, 0x00000000ecb00000, 0x00000000ecb00000|100%| E|CS|TAMS 0x00000000eca00000| PB 0x00000000eca00000| Complete 
| 203|0x00000000ecb00000, 0x00000000ecc00000, 0x00000000ecc00000|100%| E|CS|TAMS 0x00000000ecb00000| PB 0x00000000ecb00000| Complete 
| 204|0x00000000ecc00000, 0x00000000ecd00000, 0x00000000ecd00000|100%| E|CS|TAMS 0x00000000ecc00000| PB 0x00000000ecc00000| Complete 
| 205|0x00000000ecd00000, 0x00000000ece00000, 0x00000000ece00000|100%| E|CS|TAMS 0x00000000ecd00000| PB 0x00000000ecd00000| Complete 
| 206|0x00000000ece00000, 0x00000000ecf00000, 0x00000000ecf00000|100%| E|CS|TAMS 0x00000000ece00000| PB 0x00000000ece00000| Complete 
| 207|0x00000000ecf00000, 0x00000000ed000000, 0x00000000ed000000|100%| E|CS|TAMS 0x00000000ecf00000| PB 0x00000000ecf00000| Complete 
| 208|0x00000000ed000000, 0x00000000ed100000, 0x00000000ed100000|100%| E|CS|TAMS 0x00000000ed000000| PB 0x00000000ed000000| Complete 
| 209|0x00000000ed100000, 0x00000000ed200000, 0x00000000ed200000|100%| E|CS|TAMS 0x00000000ed100000| PB 0x00000000ed100000| Complete 
| 210|0x00000000ed200000, 0x00000000ed300000, 0x00000000ed300000|100%| E|CS|TAMS 0x00000000ed200000| PB 0x00000000ed200000| Complete 
| 211|0x00000000ed300000, 0x00000000ed400000, 0x00000000ed400000|100%| E|CS|TAMS 0x00000000ed300000| PB 0x00000000ed300000| Complete 
| 212|0x00000000ed400000, 0x00000000ed500000, 0x00000000ed500000|100%| E|CS|TAMS 0x00000000ed400000| PB 0x00000000ed400000| Complete 
| 213|0x00000000ed500000, 0x00000000ed600000, 0x00000000ed600000|100%| E|CS|TAMS 0x00000000ed500000| PB 0x00000000ed500000| Complete 
| 214|0x00000000ed600000, 0x00000000ed700000, 0x00000000ed700000|100%| E|CS|TAMS 0x00000000ed600000| PB 0x00000000ed600000| Complete 
| 215|0x00000000ed700000, 0x00000000ed800000, 0x00000000ed800000|100%| E|CS|TAMS 0x00000000ed700000| PB 0x00000000ed700000| Complete 
| 216|0x00000000ed800000, 0x00000000ed900000, 0x00000000ed900000|100%| E|CS|TAMS 0x00000000ed800000| PB 0x00000000ed800000| Complete 
| 217|0x00000000ed900000, 0x00000000eda00000, 0x00000000eda00000|100%| E|CS|TAMS 0x00000000ed900000| PB 0x00000000ed900000| Complete 
| 218|0x00000000eda00000, 0x00000000edb00000, 0x00000000edb00000|100%| E|CS|TAMS 0x00000000eda00000| PB 0x00000000eda00000| Complete 
| 219|0x00000000edb00000, 0x00000000edc00000, 0x00000000edc00000|100%| E|CS|TAMS 0x00000000edb00000| PB 0x00000000edb00000| Complete 
| 220|0x00000000edc00000, 0x00000000edd00000, 0x00000000edd00000|100%| E|CS|TAMS 0x00000000edc00000| PB 0x00000000edc00000| Complete 
| 221|0x00000000edd00000, 0x00000000ede00000, 0x00000000ede00000|100%| E|CS|TAMS 0x00000000edd00000| PB 0x00000000edd00000| Complete 
| 222|0x00000000ede00000, 0x00000000ede3ea50, 0x00000000edf00000| 24%| S|CS|TAMS 0x00000000ede00000| PB 0x00000000ede00000| Complete 
| 223|0x00000000edf00000, 0x00000000ee000000, 0x00000000ee000000|100%| S|CS|TAMS 0x00000000edf00000| PB 0x00000000edf00000| Complete 
| 224|0x00000000ee000000, 0x00000000ee100000, 0x00000000ee100000|100%| E|CS|TAMS 0x00000000ee000000| PB 0x00000000ee000000| Complete 
| 225|0x00000000ee100000, 0x00000000ee200000, 0x00000000ee200000|100%| E|CS|TAMS 0x00000000ee100000| PB 0x00000000ee100000| Complete 
| 226|0x00000000ee200000, 0x00000000ee300000, 0x00000000ee300000|100%| E|CS|TAMS 0x00000000ee200000| PB 0x00000000ee200000| Complete 
| 227|0x00000000ee300000, 0x00000000ee400000, 0x00000000ee400000|100%| E|CS|TAMS 0x00000000ee300000| PB 0x00000000ee300000| Complete 
| 228|0x00000000ee400000, 0x00000000ee500000, 0x00000000ee500000|100%| E|CS|TAMS 0x00000000ee400000| PB 0x00000000ee400000| Complete 
| 229|0x00000000ee500000, 0x00000000ee600000, 0x00000000ee600000|100%| E|CS|TAMS 0x00000000ee500000| PB 0x00000000ee500000| Complete 
| 230|0x00000000ee600000, 0x00000000ee700000, 0x00000000ee700000|100%| E|CS|TAMS 0x00000000ee600000| PB 0x00000000ee600000| Complete 
| 231|0x00000000ee700000, 0x00000000ee800000, 0x00000000ee800000|100%| E|CS|TAMS 0x00000000ee700000| PB 0x00000000ee700000| Complete 
| 232|0x00000000ee800000, 0x00000000ee900000, 0x00000000ee900000|100%| E|CS|TAMS 0x00000000ee800000| PB 0x00000000ee800000| Complete 
| 233|0x00000000ee900000, 0x00000000eea00000, 0x00000000eea00000|100%| E|CS|TAMS 0x00000000ee900000| PB 0x00000000ee900000| Complete 
| 234|0x00000000eea00000, 0x00000000eeb00000, 0x00000000eeb00000|100%| E|CS|TAMS 0x00000000eea00000| PB 0x00000000eea00000| Complete 
| 235|0x00000000eeb00000, 0x00000000eec00000, 0x00000000eec00000|100%| E|CS|TAMS 0x00000000eeb00000| PB 0x00000000eeb00000| Complete 
| 236|0x00000000eec00000, 0x00000000eed00000, 0x00000000eed00000|100%| E|CS|TAMS 0x00000000eec00000| PB 0x00000000eec00000| Complete 
| 237|0x00000000eed00000, 0x00000000eee00000, 0x00000000eee00000|100%| E|CS|TAMS 0x00000000eed00000| PB 0x00000000eed00000| Complete 
| 238|0x00000000eee00000, 0x00000000eef00000, 0x00000000eef00000|100%| E|CS|TAMS 0x00000000eee00000| PB 0x00000000eee00000| Complete 
| 239|0x00000000eef00000, 0x00000000ef000000, 0x00000000ef000000|100%| E|CS|TAMS 0x00000000eef00000| PB 0x00000000eef00000| Complete 
| 240|0x00000000ef000000, 0x00000000ef100000, 0x00000000ef100000|100%| E|CS|TAMS 0x00000000ef000000| PB 0x00000000ef000000| Complete 
| 241|0x00000000ef100000, 0x00000000ef200000, 0x00000000ef200000|100%| E|CS|TAMS 0x00000000ef100000| PB 0x00000000ef100000| Complete 
| 242|0x00000000ef200000, 0x00000000ef300000, 0x00000000ef300000|100%| E|CS|TAMS 0x00000000ef200000| PB 0x00000000ef200000| Complete 
| 243|0x00000000ef300000, 0x00000000ef400000, 0x00000000ef400000|100%| E|CS|TAMS 0x00000000ef300000| PB 0x00000000ef300000| Complete 
| 244|0x00000000ef400000, 0x00000000ef500000, 0x00000000ef500000|100%| E|CS|TAMS 0x00000000ef400000| PB 0x00000000ef400000| Complete 
| 245|0x00000000ef500000, 0x00000000ef600000, 0x00000000ef600000|100%| E|CS|TAMS 0x00000000ef500000| PB 0x00000000ef500000| Complete 
| 246|0x00000000ef600000, 0x00000000ef700000, 0x00000000ef700000|100%| E|CS|TAMS 0x00000000ef600000| PB 0x00000000ef600000| Complete 
| 247|0x00000000ef700000, 0x00000000ef800000, 0x00000000ef800000|100%| E|CS|TAMS 0x00000000ef700000| PB 0x00000000ef700000| Complete 
| 248|0x00000000ef800000, 0x00000000ef900000, 0x00000000ef900000|100%| E|CS|TAMS 0x00000000ef800000| PB 0x00000000ef800000| Complete 
| 249|0x00000000ef900000, 0x00000000efa00000, 0x00000000efa00000|100%| E|CS|TAMS 0x00000000ef900000| PB 0x00000000ef900000| Complete 
| 250|0x00000000efa00000, 0x00000000efb00000, 0x00000000efb00000|100%| E|CS|TAMS 0x00000000efa00000| PB 0x00000000efa00000| Complete 
| 251|0x00000000efb00000, 0x00000000efc00000, 0x00000000efc00000|100%| E|CS|TAMS 0x00000000efb00000| PB 0x00000000efb00000| Complete 
| 252|0x00000000efc00000, 0x00000000efd00000, 0x00000000efd00000|100%| E|CS|TAMS 0x00000000efc00000| PB 0x00000000efc00000| Complete 
| 253|0x00000000efd00000, 0x00000000efe00000, 0x00000000efe00000|100%| E|CS|TAMS 0x00000000efd00000| PB 0x00000000efd00000| Complete 
| 254|0x00000000efe00000, 0x00000000eff00000, 0x00000000eff00000|100%| E|CS|TAMS 0x00000000efe00000| PB 0x00000000efe00000| Complete 
| 255|0x00000000eff00000, 0x00000000f0000000, 0x00000000f0000000|100%| E|CS|TAMS 0x00000000eff00000| PB 0x00000000eff00000| Complete 

Card table byte_map: [0x0000022e792f0000,0x0000022e793f0000] _byte_map_base: 0x0000022e78bf0000

Marking Bits: (CMBitMap*) 0x0000022e5fa0faf0
 Bits: [0x0000022e793f0000, 0x0000022e79bf0000)

Polling page: 0x0000022e5f710000

Metaspace:

Usage:
  Non-class:     13.85 MB used.
      Class:      2.19 MB used.
       Both:     16.04 MB used.

Virtual space:
  Non-class space:       64.00 MB reserved,      14.12 MB ( 22%) committed,  1 nodes.
      Class space:      320.00 MB reserved,       2.44 MB ( <1%) committed,  1 nodes.
             Both:      384.00 MB reserved,      16.56 MB (  4%) committed. 

Chunk freelists:
   Non-Class:  1.88 MB
       Class:  13.59 MB
        Both:  15.47 MB

MaxMetaspaceSize: 384.00 MB
CompressedClassSpaceSize: 320.00 MB
Initial GC threshold: 21.00 MB
Current GC threshold: 21.00 MB
CDS: on
 - commit_granule_bytes: 65536.
 - commit_granule_words: 8192.
 - virtual_space_node_default_size: 8388608.
 - enlarge_chunks_in_place: 1.
 - use_allocation_guard: 0.


Internal statistics:

num_allocs_failed_limit: 0.
num_arena_births: 638.
num_arena_deaths: 0.
num_vsnodes_births: 2.
num_vsnodes_deaths: 0.
num_space_committed: 265.
num_space_uncommitted: 0.
num_chunks_returned_to_freelist: 0.
num_chunks_taken_from_freelist: 1229.
num_chunk_merges: 0.
num_chunk_splits: 792.
num_chunks_enlarged: 535.
num_inconsistent_stats: 0.

CodeHeap 'non-profiled nmethods': size=120000Kb used=1360Kb max_used=1360Kb free=118639Kb
 bounds [0x0000022e71260000, 0x0000022e714d0000, 0x0000022e78790000]
CodeHeap 'profiled nmethods': size=120000Kb used=5420Kb max_used=5420Kb free=114579Kb
 bounds [0x0000022e69790000, 0x0000022e69ce0000, 0x0000022e70cc0000]
CodeHeap 'non-nmethods': size=5760Kb used=1485Kb max_used=1502Kb free=4274Kb
 bounds [0x0000022e70cc0000, 0x0000022e70f30000, 0x0000022e71260000]
 total_blobs=3297 nmethods=2735 adapters=466
 compilation: enabled
              stopped_count=0, restarted_count=0
 full_count=0

Compilation events (20 events):
Event: 9.074 Thread 0x0000022e7c6c2e60 2683       3       java.lang.invoke.ClassSpecializer::classBCName (8 bytes)
Event: 9.074 Thread 0x0000022e7c6c2e60 nmethod 2683 0x0000022e69cc7b90 code [0x0000022e69cc7d60, 0x0000022e69cc8050]
Event: 9.074 Thread 0x0000022e7c6c2e60 2684       3       java.lang.invoke.ClassSpecializer::classSig (94 bytes)
Event: 9.075 Thread 0x0000022e7c6c2e60 nmethod 2684 0x0000022e69cc8190 code [0x0000022e69cc83c0, 0x0000022e69cc8948]
Event: 9.075 Thread 0x0000022e7c6c2e60 2689       3       java.lang.invoke.InvokerBytecodeGenerator::classData (173 bytes)
Event: 9.076 Thread 0x0000022e7c6c2e60 nmethod 2689 0x0000022e69cc8b90 code [0x0000022e69cc8f20, 0x0000022e69cca4b8]
Event: 9.076 Thread 0x0000022e7c6c2e60 2691       3       java.lang.invoke.ClassSpecializer$Factory$1Var::nextIndex (18 bytes)
Event: 9.076 Thread 0x0000022e7c6bfeb0 nmethod 2667 0x0000022e713ad510 code [0x0000022e713ad6c0, 0x0000022e713add50]
Event: 9.076 Thread 0x0000022e7c6bfeb0 2690       4       java.lang.invoke.LambdaForm$BasicType::basicType (8 bytes)
Event: 9.077 Thread 0x0000022e7c6c2e60 nmethod 2691 0x0000022e69ccab90 code [0x0000022e69ccad40, 0x0000022e69ccafd8]
Event: 9.077 Thread 0x0000022e7c6c2e60 2692   !   3       java.util.ImmutableCollections$ListItr::next (34 bytes)
Event: 9.077 Thread 0x0000022e7c6c2e60 nmethod 2692 0x0000022e69ccb110 code [0x0000022e69ccb2e0, 0x0000022e69ccb5d0]
Event: 9.077 Thread 0x0000022e7c6c2e60 2695       3       java.util.Arrays::fill (21 bytes)
Event: 9.078 Thread 0x0000022e7c6c2e60 nmethod 2695 0x0000022e69ccb710 code [0x0000022e69ccb8c0, 0x0000022e69ccbbd8]
Event: 9.078 Thread 0x0000022e7c6bfeb0 nmethod 2690 0x0000022e713ae510 code [0x0000022e713ae6c0, 0x0000022e713ae800]
Event: 9.078 Thread 0x0000022e7c6bfeb0 2680       4       jdk.internal.org.objectweb.asm.ByteVector::put122 (93 bytes)
Event: 9.078 Thread 0x0000022e7c6c2e60 2697       3       java.lang.invoke.ClassSpecializer$Factory$1Var::<init> (146 bytes)
Event: 9.080 Thread 0x0000022e7c6bfeb0 nmethod 2680 0x0000022e713ae910 code [0x0000022e713aeac0, 0x0000022e713aece0]
Event: 9.080 Thread 0x0000022e7c6bfeb0 2675       4       jdk.internal.org.objectweb.asm.Frame::pop (42 bytes)
Event: 10.084 Thread 0x0000022e7c6c2e60 nmethod 2697 0x0000022e69ccbd10 code [0x0000022e69ccc120, 0x0000022e69ccd950]

GC Heap History (4 events):
Event: 1.427 GC heap before
{Heap before GC invocations=0 (full 0):
 garbage-first heap   total 262144K, used 27648K [0x00000000e0000000, 0x0000000100000000)
  region size 1024K, 23 young (23552K), 0 survivors (0K)
 Metaspace       used 2106K, committed 2304K, reserved 393216K
  class space    used 218K, committed 320K, reserved 327680K
}
Event: 1.437 GC heap after
{Heap after GC invocations=1 (full 0):
 garbage-first heap   total 262144K, used 11137K [0x00000000e0000000, 0x0000000100000000)
  region size 1024K, 3 young (3072K), 3 survivors (3072K)
 Metaspace       used 2106K, committed 2304K, reserved 393216K
  class space    used 218K, committed 320K, reserved 327680K
}
Event: 2.834 GC heap before
{Heap before GC invocations=1 (full 0):
 garbage-first heap   total 262144K, used 40833K [0x00000000e0000000, 0x0000000100000000)
  region size 1024K, 32 young (32768K), 3 survivors (3072K)
 Metaspace       used 4230K, committed 4480K, reserved 393216K
  class space    used 510K, committed 640K, reserved 327680K
}
Event: 2.839 GC heap after
{Heap after GC invocations=2 (full 0):
 garbage-first heap   total 262144K, used 12385K [0x00000000e0000000, 0x0000000100000000)
  region size 1024K, 2 young (2048K), 2 survivors (2048K)
 Metaspace       used 4230K, committed 4480K, reserved 393216K
  class space    used 510K, committed 640K, reserved 327680K
}

Dll operation events (15 events):
Event: 0.018 Loaded shared library C:\Program Files\Eclipse Adoptium\jdk-21.0.7.6-hotspot\bin\java.dll
Event: 0.068 Loaded shared library C:\Program Files\Eclipse Adoptium\jdk-21.0.7.6-hotspot\bin\jsvml.dll
Event: 0.134 Loaded shared library C:\Program Files\Eclipse Adoptium\jdk-21.0.7.6-hotspot\bin\zip.dll
Event: 0.140 Loaded shared library C:\Program Files\Eclipse Adoptium\jdk-21.0.7.6-hotspot\bin\instrument.dll
Event: 0.147 Loaded shared library C:\Program Files\Eclipse Adoptium\jdk-21.0.7.6-hotspot\bin\net.dll
Event: 0.150 Loaded shared library C:\Program Files\Eclipse Adoptium\jdk-21.0.7.6-hotspot\bin\nio.dll
Event: 0.157 Loaded shared library C:\Program Files\Eclipse Adoptium\jdk-21.0.7.6-hotspot\bin\zip.dll
Event: 0.877 Loaded shared library C:\Program Files\Eclipse Adoptium\jdk-21.0.7.6-hotspot\bin\jimage.dll
Event: 1.123 Loaded shared library C:\Program Files\Eclipse Adoptium\jdk-21.0.7.6-hotspot\bin\verify.dll
Event: 1.510 Loaded shared library C:\Users\LENOVO PC\.gradle\native\c067742578af261105cb4f569cf0c3c89f3d7b1fecec35dd04571415982c5e48\windows-amd64\native-platform.dll
Event: 1.538 Loaded shared library C:\Users\LENOVO PC\.gradle\native\100fb08df4bc3b14c8652ba06237920a3bd2aa13389f12d3474272988ae205f9\windows-amd64\native-platform-file-events.dll
Event: 4.126 Loaded shared library C:\Program Files\Eclipse Adoptium\jdk-21.0.7.6-hotspot\bin\management.dll
Event: 4.146 Loaded shared library C:\Program Files\Eclipse Adoptium\jdk-21.0.7.6-hotspot\bin\management_ext.dll
Event: 4.693 Loaded shared library C:\Program Files\Eclipse Adoptium\jdk-21.0.7.6-hotspot\bin\extnet.dll
Event: 5.949 Loaded shared library C:\Program Files\Eclipse Adoptium\jdk-21.0.7.6-hotspot\bin\sunmscapi.dll

Deoptimization events (20 events):
Event: 7.786 Thread 0x0000022e7d7869f0 Uncommon trap: trap_request=0xffffff45 fr.pc=0x0000022e713588ac relative=0x000000000000008c
Event: 7.786 Thread 0x0000022e7d7869f0 Uncommon trap: reason=unstable_if action=reinterpret pc=0x0000022e713588ac method=jdk.internal.misc.Unsafe.convEndian(ZI)I @ 4 c2
Event: 7.786 Thread 0x0000022e7d7869f0 DEOPT PACKING pc=0x0000022e713588ac sp=0x000000361c3fb8b0
Event: 7.786 Thread 0x0000022e7d7869f0 DEOPT UNPACKING pc=0x0000022e70d146a2 sp=0x000000361c3fb7e0 mode 2
Event: 7.833 Thread 0x0000022e7d7869f0 Uncommon trap: trap_request=0xffffff45 fr.pc=0x0000022e7128de20 relative=0x0000000000000d20
Event: 7.833 Thread 0x0000022e7d7869f0 Uncommon trap: reason=unstable_if action=reinterpret pc=0x0000022e7128de20 method=java.io.WinNTFileSystem.resolve(Ljava/lang/String;Ljava/lang/String;)Ljava/lang/String; @ 19 c2
Event: 7.833 Thread 0x0000022e7d7869f0 DEOPT PACKING pc=0x0000022e7128de20 sp=0x000000361c3fbd70
Event: 7.833 Thread 0x0000022e7d7869f0 DEOPT UNPACKING pc=0x0000022e70d146a2 sp=0x000000361c3fbd08 mode 2
Event: 7.836 Thread 0x0000022e7d7869f0 Uncommon trap: trap_request=0xffffff45 fr.pc=0x0000022e712eee94 relative=0x0000000000000634
Event: 7.836 Thread 0x0000022e7d7869f0 Uncommon trap: reason=unstable_if action=reinterpret pc=0x0000022e712eee94 method=java.io.File.getName()Ljava/lang/String; @ 16 c2
Event: 7.836 Thread 0x0000022e7d7869f0 DEOPT PACKING pc=0x0000022e712eee94 sp=0x000000361c3fbd20
Event: 7.836 Thread 0x0000022e7d7869f0 DEOPT UNPACKING pc=0x0000022e70d146a2 sp=0x000000361c3fbcf0 mode 2
Event: 8.969 Thread 0x0000022e7d7869f0 Uncommon trap: trap_request=0xffffff45 fr.pc=0x0000022e7128fe14 relative=0x00000000000000f4
Event: 8.969 Thread 0x0000022e7d7869f0 Uncommon trap: reason=unstable_if action=reinterpret pc=0x0000022e7128fe14 method=java.util.HashMap.hash(Ljava/lang/Object;)I @ 1 c2
Event: 8.969 Thread 0x0000022e7d7869f0 DEOPT PACKING pc=0x0000022e7128fe14 sp=0x000000361c3fcbd0
Event: 8.969 Thread 0x0000022e7d7869f0 DEOPT UNPACKING pc=0x0000022e70d146a2 sp=0x000000361c3fcb10 mode 2
Event: 9.037 Thread 0x0000022e7d7869f0 Uncommon trap: trap_request=0xffffff45 fr.pc=0x0000022e71320774 relative=0x0000000000000794
Event: 9.037 Thread 0x0000022e7d7869f0 Uncommon trap: reason=unstable_if action=reinterpret pc=0x0000022e71320774 method=java.util.ArrayList.grow(I)[Ljava/lang/Object; @ 17 c2
Event: 9.037 Thread 0x0000022e7d7869f0 DEOPT PACKING pc=0x0000022e71320774 sp=0x000000361c3fd790
Event: 9.037 Thread 0x0000022e7d7869f0 DEOPT UNPACKING pc=0x0000022e70d146a2 sp=0x000000361c3fd628 mode 2

Classes loaded (20 events):
Event: 7.865 Loading class java/nio/file/PathMatcher
Event: 7.865 Loading class java/nio/file/PathMatcher done
Event: 7.900 Loading class java/util/concurrent/Semaphore
Event: 7.901 Loading class java/util/concurrent/Semaphore done
Event: 7.905 Loading class java/nio/file/FileVisitOption
Event: 7.905 Loading class java/nio/file/FileVisitOption done
Event: 8.928 Loading class java/util/stream/ReduceOps$1
Event: 8.929 Loading class java/util/stream/ReduceOps$1 done
Event: 8.929 Loading class java/util/stream/ReduceOps$1ReducingSink
Event: 8.929 Loading class java/util/stream/ReduceOps$1ReducingSink done
Event: 9.068 Loading class java/lang/invoke/BoundMethodHandle$Species_LLLLLLLLLLLL
Event: 9.068 Loading class java/lang/invoke/BoundMethodHandle$Species_LLLLLLLLLLLL done
Event: 9.071 Loading class java/lang/invoke/BoundMethodHandle$Species_LLLLLLLLLLLLL
Event: 9.071 Loading class java/lang/invoke/BoundMethodHandle$Species_LLLLLLLLLLLLL done
Event: 9.073 Loading class java/lang/invoke/BoundMethodHandle$Species_LLLLLLLLLLLLLL
Event: 9.073 Loading class java/lang/invoke/BoundMethodHandle$Species_LLLLLLLLLLLLLL done
Event: 9.076 Loading class java/lang/invoke/BoundMethodHandle$Species_LLLLLLLLLLLLLLL
Event: 9.076 Loading class java/lang/invoke/BoundMethodHandle$Species_LLLLLLLLLLLLLLL done
Event: 9.078 Loading class java/lang/invoke/BoundMethodHandle$Species_LLLLLLLLLLLLLLLL
Event: 9.078 Loading class java/lang/invoke/BoundMethodHandle$Species_LLLLLLLLLLLLLLLL done

Classes unloaded (0 events):
No events

Classes redefined (0 events):
No events

Internal exceptions (20 events):
Event: 7.603 Thread 0x0000022e7d7869f0 Exception <a 'java/lang/NoSuchMethodError'{0x00000000ebbd3640}: 'void java.lang.invoke.DirectMethodHandle$Holder.invokeVirtual(java.lang.Object, java.lang.Object, java.lang.Object, java.lang.Object, java.lang.Object)'> (0x00000000ebbd3640) 
thrown [s\src\hotspot\share\interpreter\linkResolver.cpp, line 773]
Event: 7.656 Thread 0x0000022e7d7869f0 Exception <a 'java/lang/NoSuchMethodError'{0x00000000eb981b68}: 'void java.lang.invoke.DirectMethodHandle$Holder.invokeInterface(java.lang.Object, java.lang.Object)'> (0x00000000eb981b68) 
thrown [s\src\hotspot\share\interpreter\linkResolver.cpp, line 773]
Event: 7.657 Thread 0x0000022e7d7869f0 Exception <a 'java/lang/IncompatibleClassChangeError'{0x00000000eb9850e8}: Found class java.lang.Object, but interface was expected> (0x00000000eb9850e8) 
thrown [s\src\hotspot\share\interpreter\linkResolver.cpp, line 840]
Event: 7.676 Thread 0x0000022e7d7869f0 Exception <a 'java/lang/NoSuchMethodError'{0x00000000eb9f3360}: 'void java.lang.invoke.DirectMethodHandle$Holder.invokeStaticInit(java.lang.Object)'> (0x00000000eb9f3360) 
thrown [s\src\hotspot\share\interpreter\linkResolver.cpp, line 773]
Event: 7.701 Thread 0x0000022e7d7869f0 Exception <a 'java/lang/NoSuchMethodError'{0x00000000eb89ec98}: 'java.lang.Object java.lang.invoke.DirectMethodHandle$Holder.newInvokeSpecial(java.lang.Object, java.lang.Object, java.lang.Object, int)'> (0x00000000eb89ec98) 
thrown [s\src\hotspot\share\interpreter\linkResolver.cpp, line 773]
Event: 7.701 Thread 0x0000022e7d7869f0 Exception <a 'java/lang/NoSuchMethodError'{0x00000000eb8a3440}: 'java.lang.Object java.lang.invoke.DirectMethodHandle$Holder.invokeSpecial(java.lang.Object, java.lang.Object, java.lang.Object, java.lang.Object, int)'> (0x00000000eb8a3440) 
thrown [s\src\hotspot\share\interpreter\linkResolver.cpp, line 773]
Event: 7.702 Thread 0x0000022e7d7869f0 Exception <a 'java/lang/NoSuchMethodError'{0x00000000eb8a7308}: 'java.lang.Object java.lang.invoke.Invokers$Holder.linkToTargetMethod(java.lang.Object, java.lang.Object, int, java.lang.Object)'> (0x00000000eb8a7308) 
thrown [s\src\hotspot\share\interpreter\linkResolver.cpp, line 773]
Event: 7.723 Thread 0x0000022e7d7869f0 Exception <a 'java/lang/NoSuchMethodError'{0x00000000eb7a06f0}: 'java.lang.Object java.lang.invoke.DirectMethodHandle$Holder.invokeVirtual(java.lang.Object, java.lang.Object, java.lang.Object, java.lang.Object, java.lang.Object, java.lang.Object, java.lang.Object, java.lang.Object)'> (0x00000000eb7a06f0) 
thrown [s\src\hotspot\share\interpreter\linkResolver.cpp, line 773]
Event: 7.825 Thread 0x0000022e7d7869f0 Exception <a 'java/lang/NoSuchMethodError'{0x00000000eb3948d0}: 'java.lang.Object java.lang.invoke.DirectMethodHandle$Holder.invokeVirtual(java.lang.Object, java.lang.Object, java.lang.Object, java.lang.Object, java.lang.Object, java.lang.Object, java.lang.Object, java.lang.Object, java.lang.Object)'> (0x00000000eb3948d0) 
thrown [s\src\hotspot\share\interpreter\linkResolver.cpp, line 773]
Event: 7.871 Thread 0x0000022e7d7869f0 Exception <a 'java/lang/NoSuchMethodError'{0x00000000eb2985e8}: 'int java.lang.invoke.DirectMethodHandle$Holder.invokeVirtual(java.lang.Object, java.lang.Object, java.lang.Object)'> (0x00000000eb2985e8) 
thrown [s\src\hotspot\share\interpreter\linkResolver.cpp, line 773]
Event: 7.908 Thread 0x0000022e7d7869f0 Exception <a 'java/lang/NoSuchMethodError'{0x00000000eb1b7c10}: 'int java.lang.invoke.DirectMethodHandle$Holder.invokeSpecialIFC(java.lang.Object, java.lang.Object, java.lang.Object, java.lang.Object)'> (0x00000000eb1b7c10) 
thrown [s\src\hotspot\share\interpreter\linkResolver.cpp, line 773]
Event: 7.910 Thread 0x0000022e7d7869f0 Exception <a 'java/lang/NoSuchMethodError'{0x00000000eb1c51a8}: 'java.lang.Object java.lang.invoke.DirectMethodHandle$Holder.invokeInterface(java.lang.Object, java.lang.Object, java.lang.Object)'> (0x00000000eb1c51a8) 
thrown [s\src\hotspot\share\interpreter\linkResolver.cpp, line 773]
Event: 7.911 Thread 0x0000022e7d7869f0 Exception <a 'java/lang/IncompatibleClassChangeError'{0x00000000eb1c8b10}: Found class java.lang.Object, but interface was expected> (0x00000000eb1c8b10) 
thrown [s\src\hotspot\share\interpreter\linkResolver.cpp, line 840]
Event: 8.969 Thread 0x0000022e7d7869f0 Implicit null exception at 0x0000022e7128fd66 to 0x0000022e7128fe0a
Event: 8.999 Thread 0x0000022e7d7869f0 Exception <a 'java/lang/NoSuchMethodError'{0x00000000eafaff10}: 'int java.lang.invoke.DirectMethodHandle$Holder.invokeStatic(java.lang.Object, java.lang.Object, java.lang.Object, java.lang.Object)'> (0x00000000eafaff10) 
thrown [s\src\hotspot\share\interpreter\linkResolver.cpp, line 773]
Event: 9.065 Thread 0x0000022e7d7869f0 Exception <a 'java/lang/NoSuchMethodError'{0x00000000ead89dd0}: 'java.lang.Object java.lang.invoke.DelegatingMethodHandle$Holder.reinvoke_L(java.lang.Object, java.lang.Object, java.lang.Object, java.lang.Object, java.lang.Object, java.lang.Object, java.lang.Object, java.lang.Object, java.lang.Object, java.lang.Object, java.lang.Object, java.lang.Object, java.lang.Object, java.lang.Object, java.lang.Object, java.lang.Object, java.lang.Object, java.lang.Object, java.lang.Object, java.lang.Object, java.lang.O
Event: 9.069 Thread 0x0000022e7d7869f0 Exception <a 'java/lang/NoSuchMethodError'{0x00000000eade3cc0}: 'java.lang.Object java.lang.invoke.DirectMethodHandle$Holder.invokeStatic(java.lang.Object, java.lang.Object, java.lang.Object, java.lang.Object, java.lang.Object, java.lang.Object, java.lang.Object, java.lang.Object, java.lang.Object, java.lang.Object, java.lang.Object, java.lang.Object, java.lang.Object, java.lang.Object, java.lang.Object)'> (0x00000000eade3cc0) 
thrown [s\src\hotspot\share\interpreter\linkResolver.cpp, line 773]
Event: 9.072 Thread 0x0000022e7d7869f0 Exception <a 'java/lang/NoSuchMethodError'{0x00000000eac087d8}: 'java.lang.Object java.lang.invoke.DirectMethodHandle$Holder.invokeStatic(java.lang.Object, java.lang.Object, java.lang.Object, java.lang.Object, java.lang.Object, java.lang.Object, java.lang.Object, java.lang.Object, java.lang.Object, java.lang.Object, java.lang.Object, java.lang.Object, java.lang.Object, java.lang.Object, java.lang.Object, java.lang.Object)'> (0x00000000eac087d8) 
thrown [s\src\hotspot\share\interpreter\linkResolver.cpp, lin
Event: 9.074 Thread 0x0000022e7d7869f0 Exception <a 'java/lang/NoSuchMethodError'{0x00000000eac30258}: 'java.lang.Object java.lang.invoke.DirectMethodHandle$Holder.invokeStatic(java.lang.Object, java.lang.Object, java.lang.Object, java.lang.Object, java.lang.Object, java.lang.Object, java.lang.Object, java.lang.Object, java.lang.Object, java.lang.Object, java.lang.Object, java.lang.Object, java.lang.Object, java.lang.Object, java.lang.Object, java.lang.Object, java.lang.Object)'> (0x00000000eac30258) 
thrown [s\src\hotspot\share\interpreter\lin
Event: 9.077 Thread 0x0000022e7d7869f0 Exception <a 'java/lang/NoSuchMethodError'{0x00000000eac58fe8}: 'java.lang.Object java.lang.invoke.DirectMethodHandle$Holder.invokeStatic(java.lang.Object, java.lang.Object, java.lang.Object, java.lang.Object, java.lang.Object, java.lang.Object, java.lang.Object, java.lang.Object, java.lang.Object, java.lang.Object, java.lang.Object, java.lang.Object, java.lang.Object, java.lang.Object, java.lang.Object, java.lang.Object, java.lang.Object, java.lang.Object)'> (0x00000000eac58fe8) 
thrown [s\src\hotspot\sha

ZGC Phase Switch (0 events):
No events

VM Operations (20 events):
Event: 4.472 Executing VM operation: HandshakeAllThreads (Deoptimize) done
Event: 4.574 Executing VM operation: HandshakeAllThreads (Deoptimize)
Event: 4.574 Executing VM operation: HandshakeAllThreads (Deoptimize) done
Event: 4.808 Executing VM operation: HandshakeAllThreads (Deoptimize)
Event: 4.808 Executing VM operation: HandshakeAllThreads (Deoptimize) done
Event: 5.810 Executing VM operation: Cleanup
Event: 5.810 Executing VM operation: Cleanup done
Event: 5.927 Executing VM operation: HandshakeAllThreads (Deoptimize)
Event: 5.927 Executing VM operation: HandshakeAllThreads (Deoptimize) done
Event: 6.933 Executing VM operation: Cleanup
Event: 7.198 Executing VM operation: Cleanup done
Event: 7.377 Executing VM operation: HandshakeAllThreads (Deoptimize)
Event: 7.377 Executing VM operation: HandshakeAllThreads (Deoptimize) done
Event: 7.461 Executing VM operation: HandshakeAllThreads (Deoptimize)
Event: 7.461 Executing VM operation: HandshakeAllThreads (Deoptimize) done
Event: 7.699 Executing VM operation: HandshakeAllThreads (Deoptimize)
Event: 7.699 Executing VM operation: HandshakeAllThreads (Deoptimize) done
Event: 8.709 Executing VM operation: Cleanup
Event: 8.928 Executing VM operation: Cleanup done
Event: 9.943 Executing VM operation: Cleanup

Memory protections (0 events):
No events

Nmethod flushes (0 events):
No events

Events (20 events):
Event: 0.096 Thread 0x0000022e5f9e26c0 Thread added: 0x0000022e7c7a27d0
Event: 0.188 Thread 0x0000022e5f9e26c0 Thread added: 0x0000022e7c985b20
Event: 0.876 Thread 0x0000022e7c6baa10 Thread added: 0x0000022e7c6bfeb0
Event: 1.941 Thread 0x0000022e7c6bfeb0 Thread exited: 0x0000022e7c6bfeb0
Event: 3.569 Thread 0x0000022e7c6c2e60 Thread added: 0x0000022e7c6c2790
Event: 4.249 Thread 0x0000022e5f9e26c0 Thread added: 0x0000022e7e17c020
Event: 4.756 Thread 0x0000022e5f9e26c0 Thread added: 0x0000022e7dfc37d0
Event: 5.869 Thread 0x0000022e5f9e26c0 Thread added: 0x0000022e7e61f600
Event: 5.978 Thread 0x0000022e7dfc37d0 Thread added: 0x0000022e7e5f8c20
Event: 5.983 Thread 0x0000022e7e5f8c20 Thread added: 0x0000022e7e0fa040
Event: 6.036 Thread 0x0000022e7e5f8c20 Thread added: 0x0000022e7ca52d50
Event: 6.046 Thread 0x0000022e7e5f8c20 Thread added: 0x0000022e7d7869f0
Event: 6.062 Thread 0x0000022e7d7869f0 Thread added: 0x0000022e7d7897e0
Event: 6.067 Thread 0x0000022e7d7869f0 Thread added: 0x0000022e7d788430
Event: 6.071 Thread 0x0000022e7d7869f0 Thread added: 0x0000022e7d787710
Event: 6.683 Thread 0x0000022e7c6c2790 Thread exited: 0x0000022e7c6c2790
Event: 7.699 Thread 0x0000022e7d7869f0 Thread added: 0x0000022e7d787080
Event: 7.716 Thread 0x0000022e7d7869f0 Thread added: 0x0000022e7d787da0
Event: 7.767 Thread 0x0000022e7d7869f0 Thread added: 0x0000022e7d789e70
Event: 8.932 Thread 0x0000022e7c6c2e60 Thread added: 0x0000022e7c6bfeb0


Dynamic libraries:
0x00007ff6c6780000 - 0x00007ff6c678e000 	C:\Program Files\Eclipse Adoptium\jdk-21.0.7.6-hotspot\bin\java.exe
0x00007ffda8b60000 - 0x00007ffda8dc7000 	C:\WINDOWS\SYSTEM32\ntdll.dll
0x00007ffda7f70000 - 0x00007ffda8039000 	C:\WINDOWS\System32\KERNEL32.DLL
0x00007ffda6230000 - 0x00007ffda6620000 	C:\WINDOWS\System32\KERNELBASE.dll
0x00007ffda6020000 - 0x00007ffda616b000 	C:\WINDOWS\System32\ucrtbase.dll
0x00007ffd99f00000 - 0x00007ffd99f18000 	C:\Program Files\Eclipse Adoptium\jdk-21.0.7.6-hotspot\bin\jli.dll
0x00007ffd878d0000 - 0x00007ffd878ee000 	C:\Program Files\Eclipse Adoptium\jdk-21.0.7.6-hotspot\bin\VCRUNTIME140.dll
0x00007ffda7160000 - 0x00007ffda7325000 	C:\WINDOWS\System32\USER32.dll
0x00007ffd90820000 - 0x00007ffd90aba000 	C:\WINDOWS\WinSxS\amd64_microsoft.windows.common-controls_6595b64144ccf1df_6.0.26100.4768_none_3e0c112ce331287c\COMCTL32.dll
0x00007ffda5f40000 - 0x00007ffda5f67000 	C:\WINDOWS\System32\win32u.dll
0x00007ffda8160000 - 0x00007ffda818b000 	C:\WINDOWS\System32\GDI32.dll
0x00007ffda7ec0000 - 0x00007ffda7f69000 	C:\WINDOWS\System32\msvcrt.dll
0x00007ffda67b0000 - 0x00007ffda68e8000 	C:\WINDOWS\System32\gdi32full.dll
0x00007ffda5f70000 - 0x00007ffda6013000 	C:\WINDOWS\System32\msvcp_win.dll
0x00007ffda7580000 - 0x00007ffda75af000 	C:\WINDOWS\System32\IMM32.DLL
0x00007ffd9a7e0000 - 0x00007ffd9a7ec000 	C:\Program Files\Eclipse Adoptium\jdk-21.0.7.6-hotspot\bin\vcruntime140_1.dll
0x00007ffd64f40000 - 0x00007ffd64fcd000 	C:\Program Files\Eclipse Adoptium\jdk-21.0.7.6-hotspot\bin\msvcp140.dll
0x00007ffd1e150000 - 0x00007ffd1eee0000 	C:\Program Files\Eclipse Adoptium\jdk-21.0.7.6-hotspot\bin\server\jvm.dll
0x00007ffda8190000 - 0x00007ffda8244000 	C:\WINDOWS\System32\ADVAPI32.dll
0x00007ffda7e10000 - 0x00007ffda7eb6000 	C:\WINDOWS\System32\sechost.dll
0x00007ffda7ac0000 - 0x00007ffda7bd8000 	C:\WINDOWS\System32\RPCRT4.dll
0x00007ffda8040000 - 0x00007ffda80b4000 	C:\WINDOWS\System32\WS2_32.dll
0x00007ffda5b10000 - 0x00007ffda5b6e000 	C:\WINDOWS\SYSTEM32\POWRPROF.dll
0x00007ffd9ee00000 - 0x00007ffd9ee35000 	C:\WINDOWS\SYSTEM32\WINMM.dll
0x00007ffd9ee40000 - 0x00007ffd9ee4b000 	C:\WINDOWS\SYSTEM32\VERSION.dll
0x00007ffda5ad0000 - 0x00007ffda5ae4000 	C:\WINDOWS\SYSTEM32\UMPDC.dll
0x00007ffda4a10000 - 0x00007ffda4a2b000 	C:\WINDOWS\SYSTEM32\kernel.appcore.dll
0x00007ffd9a410000 - 0x00007ffd9a41a000 	C:\Program Files\Eclipse Adoptium\jdk-21.0.7.6-hotspot\bin\jimage.dll
0x00007ffda3480000 - 0x00007ffda36c1000 	C:\WINDOWS\SYSTEM32\DBGHELP.DLL
0x00007ffda7730000 - 0x00007ffda7ab5000 	C:\WINDOWS\System32\combase.dll
0x00007ffda8a30000 - 0x00007ffda8b10000 	C:\WINDOWS\System32\OLEAUT32.dll
0x00007ffd86ef0000 - 0x00007ffd86f33000 	C:\WINDOWS\SYSTEM32\dbgcore.DLL
0x00007ffda5e10000 - 0x00007ffda5ea9000 	C:\WINDOWS\System32\bcryptPrimitives.dll
0x00007ffd916a0000 - 0x00007ffd916af000 	C:\Program Files\Eclipse Adoptium\jdk-21.0.7.6-hotspot\bin\instrument.dll
0x00007ffd878b0000 - 0x00007ffd878cf000 	C:\Program Files\Eclipse Adoptium\jdk-21.0.7.6-hotspot\bin\java.dll
0x00007ffda82e0000 - 0x00007ffda8a2d000 	C:\WINDOWS\System32\SHELL32.dll
0x00007ffda6630000 - 0x00007ffda67a3000 	C:\WINDOWS\System32\wintypes.dll
0x00007ffda38b0000 - 0x00007ffda4110000 	C:\WINDOWS\SYSTEM32\windows.storage.dll
0x00007ffda69a0000 - 0x00007ffda6a95000 	C:\WINDOWS\System32\SHCORE.dll
0x00007ffda70f0000 - 0x00007ffda715a000 	C:\WINDOWS\System32\shlwapi.dll
0x00007ffda5bb0000 - 0x00007ffda5bd9000 	C:\WINDOWS\SYSTEM32\profapi.dll
0x00007ffd55ca0000 - 0x00007ffd55d77000 	C:\Program Files\Eclipse Adoptium\jdk-21.0.7.6-hotspot\bin\jsvml.dll
0x00007ffd87890000 - 0x00007ffd878a8000 	C:\Program Files\Eclipse Adoptium\jdk-21.0.7.6-hotspot\bin\zip.dll
0x00007ffd91130000 - 0x00007ffd91140000 	C:\Program Files\Eclipse Adoptium\jdk-21.0.7.6-hotspot\bin\net.dll
0x00007ffd9aeb0000 - 0x00007ffd9afce000 	C:\WINDOWS\SYSTEM32\WINHTTP.dll
0x00007ffda4fa0000 - 0x00007ffda500b000 	C:\WINDOWS\system32\mswsock.dll
0x00007ffd7c7f0000 - 0x00007ffd7c806000 	C:\Program Files\Eclipse Adoptium\jdk-21.0.7.6-hotspot\bin\nio.dll
0x00007ffd91090000 - 0x00007ffd910a0000 	C:\Program Files\Eclipse Adoptium\jdk-21.0.7.6-hotspot\bin\verify.dll
0x00007ffd9a720000 - 0x00007ffd9a747000 	C:\Users\LENOVO PC\.gradle\native\c067742578af261105cb4f569cf0c3c89f3d7b1fecec35dd04571415982c5e48\windows-amd64\native-platform.dll
0x00007ffd4cba0000 - 0x00007ffd4cce4000 	C:\Users\LENOVO PC\.gradle\native\100fb08df4bc3b14c8652ba06237920a3bd2aa13389f12d3474272988ae205f9\windows-amd64\native-platform-file-events.dll
0x00007ffd90af0000 - 0x00007ffd90afa000 	C:\Program Files\Eclipse Adoptium\jdk-21.0.7.6-hotspot\bin\management.dll
0x00007ffd88480000 - 0x00007ffd8848b000 	C:\Program Files\Eclipse Adoptium\jdk-21.0.7.6-hotspot\bin\management_ext.dll
0x00007ffda80c0000 - 0x00007ffda80c8000 	C:\WINDOWS\System32\PSAPI.DLL
0x00007ffda5260000 - 0x00007ffda527b000 	C:\WINDOWS\SYSTEM32\CRYPTSP.dll
0x00007ffda4970000 - 0x00007ffda49ab000 	C:\WINDOWS\system32\rsaenh.dll
0x00007ffda5040000 - 0x00007ffda506b000 	C:\WINDOWS\SYSTEM32\USERENV.dll
0x00007ffda5b80000 - 0x00007ffda5ba6000 	C:\WINDOWS\SYSTEM32\bcrypt.dll
0x00007ffda5280000 - 0x00007ffda528c000 	C:\WINDOWS\SYSTEM32\CRYPTBASE.dll
0x00007ffda44d0000 - 0x00007ffda4503000 	C:\WINDOWS\SYSTEM32\IPHLPAPI.DLL
0x00007ffda8250000 - 0x00007ffda825a000 	C:\WINDOWS\System32\NSI.dll
0x00007ffd88340000 - 0x00007ffd88349000 	C:\Program Files\Eclipse Adoptium\jdk-21.0.7.6-hotspot\bin\extnet.dll
0x00007ffd88000000 - 0x00007ffd8800e000 	C:\Program Files\Eclipse Adoptium\jdk-21.0.7.6-hotspot\bin\sunmscapi.dll
0x00007ffda5c90000 - 0x00007ffda5e07000 	C:\WINDOWS\System32\CRYPT32.dll
0x00007ffda5480000 - 0x00007ffda54b0000 	C:\WINDOWS\SYSTEM32\ncrypt.dll
0x00007ffda5430000 - 0x00007ffda546f000 	C:\WINDOWS\SYSTEM32\NTASN1.dll
0x00007ffd946d0000 - 0x00007ffd946d8000 	C:\WINDOWS\system32\wshunix.dll

dbghelp: loaded successfully - version: 4.0.5 - missing functions: none
symbol engine: initialized successfully - sym options: 0x614 - pdb path: .;C:\Program Files\Eclipse Adoptium\jdk-21.0.7.6-hotspot\bin;C:\WINDOWS\SYSTEM32;C:\WINDOWS\WinSxS\amd64_microsoft.windows.common-controls_6595b64144ccf1df_6.0.26100.4768_none_3e0c112ce331287c;C:\Program Files\Eclipse Adoptium\jdk-21.0.7.6-hotspot\bin\server;C:\Users\LENOVO PC\.gradle\native\c067742578af261105cb4f569cf0c3c89f3d7b1fecec35dd04571415982c5e48\windows-amd64;C:\Users\LENOVO PC\.gradle\native\100fb08df4bc3b14c8652ba06237920a3bd2aa13389f12d3474272988ae205f9\windows-amd64

VM Arguments:
jvm_args: --add-opens=java.base/java.util=ALL-UNNAMED --add-opens=java.base/java.lang=ALL-UNNAMED --add-opens=java.base/java.lang.invoke=ALL-UNNAMED --add-opens=java.prefs/java.util.prefs=ALL-UNNAMED --add-opens=java.base/java.nio.charset=ALL-UNNAMED --add-opens=java.base/java.net=ALL-UNNAMED --add-opens=java.base/java.util.concurrent.atomic=ALL-UNNAMED -XX:MaxMetaspaceSize=384m -XX:+HeapDumpOnOutOfMemoryError -Xms256m -Xmx512m -Dfile.encoding=UTF-8 -Duser.country=US -Duser.language=en -Duser.variant -javaagent:C:\Users\LENOVO PC\.gradle\wrapper\dists\gradle-8.8-bin\dl7vupf4psengwqhwktix4v1\gradle-8.8\lib\agents\gradle-instrumentation-agent-8.8.jar 
java_command: org.gradle.launcher.daemon.bootstrap.GradleDaemon 8.8
java_class_path (initial): C:\Users\LENOVO PC\.gradle\wrapper\dists\gradle-8.8-bin\dl7vupf4psengwqhwktix4v1\gradle-8.8\lib\gradle-launcher-8.8.jar
Launcher Type: SUN_STANDARD

[Global flags]
     intx CICompilerCount                          = 4                                         {product} {ergonomic}
   size_t CompressedClassSpaceSize                 = 335544320                                 {product} {ergonomic}
     uint ConcGCThreads                            = 2                                         {product} {ergonomic}
     uint G1ConcRefinementThreads                  = 8                                         {product} {ergonomic}
   size_t G1HeapRegionSize                         = 1048576                                   {product} {ergonomic}
    uintx GCDrainStackTargetSize                   = 64                                        {product} {ergonomic}
     bool HeapDumpOnOutOfMemoryError               = true                                   {manageable} {command line}
   size_t InitialHeapSize                          = 268435456                                 {product} {command line}
   size_t MarkStackSize                            = 4194304                                   {product} {ergonomic}
   size_t MaxHeapSize                              = 536870912                                 {product} {command line}
   size_t MaxMetaspaceSize                         = 402653184                                 {product} {command line}
   size_t MaxNewSize                               = 321912832                                 {product} {ergonomic}
   size_t MinHeapDeltaBytes                        = 1048576                                   {product} {ergonomic}
   size_t MinHeapSize                              = 268435456                                 {product} {command line}
    uintx NonNMethodCodeHeapSize                   = 5839372                                {pd product} {ergonomic}
    uintx NonProfiledCodeHeapSize                  = 122909434                              {pd product} {ergonomic}
    uintx ProfiledCodeHeapSize                     = 122909434                              {pd product} {ergonomic}
    uintx ReservedCodeCacheSize                    = 251658240                              {pd product} {ergonomic}
     bool SegmentedCodeCache                       = true                                      {product} {ergonomic}
   size_t SoftMaxHeapSize                          = 536870912                              {manageable} {ergonomic}
     bool UseCompressedOops                        = true                           {product lp64_product} {ergonomic}
     bool UseG1GC                                  = true                                      {product} {ergonomic}
     bool UseLargePagesIndividualAllocation        = false                                  {pd product} {ergonomic}

Logging:
Log output configuration:
 #0: stdout all=warning uptime,level,tags foldmultilines=false
 #1: stderr all=off uptime,level,tags foldmultilines=false

Environment Variables:
PATH=C:\Program Files\Eclipse Adoptium\jdk-21.0.7.6-hotspot\bin;C:\WINDOWS\system32;C:\WINDOWS;C:\WINDOWS\System32\Wbem;C:\WINDOWS\System32\WindowsPowerShell\v1.0\;C:\WINDOWS\System32\OpenSSH\;C:\Program Files\Microsoft SQL Server\Client SDK\ODBC\170\Tools\Binn\;C:\Program Files (x86)\Microsoft SQL Server\150\Tools\Binn\;C:\Program Files\Microsoft SQL Server\150\Tools\Binn\;C:\Program Files\Microsoft SQL Server\150\DTS\Binn\;C:\Program Files (x86)\Microsoft SQL Server\150\DTS\Binn\;C:\Program Files\Git\cmd;C:\Users\LENOVO PC\AppData\Local\Microsoft\WindowsApps;C:\Program Files\Azure Data Studio\bin;
USERNAME=LENOVO PC
OS=Windows_NT
PROCESSOR_IDENTIFIER=AMD64 Family 23 Model 24 Stepping 1, AuthenticAMD
TMP=C:\Users\LENOVO~1\AppData\Local\Temp
TEMP=C:\Users\LENOVO~1\AppData\Local\Temp




Periodic native trim disabled

---------------  S Y S T E M  ---------------

OS:
 Windows 11 , 64 bit Build 26100 (10.0.26100.4768)
OS uptime: 6 days 19:34 hours

CPU: total 8 (initial active 8) (8 cores per cpu, 2 threads per core) family 23 model 24 stepping 1 microcode 0x8108109, cx8, cmov, fxsr, ht, mmx, 3dnowpref, sse, sse2, sse3, ssse3, sse4a, sse4.1, sse4.2, popcnt, lzcnt, tsc, tscinvbit, avx, avx2, aes, clmul, bmi1, bmi2, adx, sha, fma, vzeroupper, clflush, clflushopt, rdtscp, f16c
Processor Information for the first 8 processors :
  Max Mhz: 2100, Current Mhz: 2100, Mhz Limit: 2100

Memory: 4k page, system-wide physical 6020M (404M free)
TotalPageFile size 14212M (AvailPageFile size 4M)
current process WorkingSet (physical memory assigned to process): 196M, peak: 196M
current process commit charge ("private bytes"): 403M, peak: 405M

vm_info: OpenJDK 64-Bit Server VM (21.0.7+6-LTS) for windows-amd64 JRE (21.0.7+6-LTS), built on 2025-04-15T00:00:00Z by "admin" with MS VC++ 17.7 (VS2022)

END.
